[ 2018-02-17T09:15:55+08:00 ] ::1 /bookreading/index.php/Home/Index/
INFO: [ app_init ] --START--
INFO: Run Behavior\BuildLiteBehavior [ RunTime:0.000028s ]
INFO: [ app_init ] --END-- [ RunTime:0.095046s ]
INFO: [ app_begin ] --START--
INFO: Run Behavior\ReadHtmlCacheBehavior [ RunTime:0.042375s ]
INFO: [ app_begin ] --END-- [ RunTime:0.042726s ]
SQL: SHOW COLUMNS FROM `book` [ RunTime:0.0628s ]
SQL: SELECT * FROM `book` LIMIT 10   [ RunTime:0.0015s ]
INFO: [ view_parse ] --START--
INFO: [ template_filter ] --START--
INFO: Run Behavior\ContentReplaceBehavior [ RunTime:0.000248s ]
INFO: [ template_filter ] --END-- [ RunTime:0.000514s ]
NOTIC: [8] Undefined variable: b E:\Environment\wamp\www\bookreading\Application\Runtime\Cache\Home\2a94b8bda04ff446dcedd42276fc99ee.php 第 331 行.
INFO: Run Behavior\ParseTemplateBehavior [ RunTime:0.102698s ]
INFO: [ view_parse ] --END-- [ RunTime:0.102863s ]
INFO: [ view_filter ] --START--
INFO: Run Behavior\WriteHtmlCacheBehavior [ RunTime:0.129385s ]
INFO: [ view_filter ] --END-- [ RunTime:0.129827s ]
INFO: [ app_end ] --START--
INFO: Run Behavior\ShowPageTraceBehavior [ RunTime:0.064699s ]
INFO: [ app_end ] --END-- [ RunTime:0.065421s ]

