[ 2018-02-26T13:03:56+08:00 ] ::1 /bookreading/index.php/Home/Index/
INFO: [ app_init ] --START--
INFO: Run Behavior\BuildLiteBehavior [ RunTime:0.000043s ]
INFO: [ app_init ] --END-- [ RunTime:0.000726s ]
INFO: [ app_begin ] --START--
INFO: Run Behavior\ReadHtmlCacheBehavior [ RunTime:0.001132s ]
INFO: [ app_begin ] --END-- [ RunTime:0.001441s ]
SQL: SHOW COLUMNS FROM `book` [ RunTime:0.0076s ]
SQL: SELECT * FROM `book` LIMIT 10   [ RunTime:0.0008s ]
INFO: [ view_parse ] --START--
INFO: [ template_filter ] --START--
INFO: Run Behavior\ContentReplaceBehavior [ RunTime:0.000126s ]
INFO: [ template_filter ] --END-- [ RunTime:0.000247s ]
NOTIC: [8] Undefined variable: b E:\Environment\wamp\www\bookreading\Application\Runtime\Cache\Home\2a94b8bda04ff446dcedd42276fc99ee.php 第 331 行.
INFO: Run Behavior\ParseTemplateBehavior [ RunTime:0.639943s ]
INFO: [ view_parse ] --END-- [ RunTime:0.640307s ]
INFO: [ view_filter ] --START--
INFO: Run Behavior\WriteHtmlCacheBehavior [ RunTime:0.001002s ]
INFO: [ view_filter ] --END-- [ RunTime:0.001437s ]
INFO: [ app_end ] --START--
INFO: Run Behavior\ShowPageTraceBehavior [ RunTime:0.001403s ]
INFO: [ app_end ] --END-- [ RunTime:0.001801s ]

[ 2018-02-26T19:24:06+08:00 ] ::1 /bookreading/index.php/Home/Index/reading/id/1
INFO: [ app_init ] --START--
INFO: Run Behavior\BuildLiteBehavior [ RunTime:0.000048s ]
INFO: [ app_init ] --END-- [ RunTime:0.000970s ]
INFO: [ app_begin ] --START--
INFO: Run Behavior\ReadHtmlCacheBehavior [ RunTime:0.000647s ]
INFO: [ app_begin ] --END-- [ RunTime:0.000793s ]
SQL: SHOW COLUMNS FROM `charpter` [ RunTime:0.0167s ]
SQL: SHOW COLUMNS FROM `mark` [ RunTime:0.0032s ]
SQL: SELECT `cid` FROM `mark` WHERE `bid` = 1 AND `username` = 'lichao' ORDER BY cid desc LIMIT 0,1   [ RunTime:0.0006s ]
SQL: SELECT * FROM `charpter` WHERE `bid` = 1 AND `cid` = 1  [ RunTime:0.0008s ]
INFO: [ view_parse ] --START--
INFO: [ template_filter ] --START--
INFO: Run Behavior\ContentReplaceBehavior [ RunTime:0.000082s ]
INFO: [ template_filter ] --END-- [ RunTime:0.000197s ]
INFO: Run Behavior\ParseTemplateBehavior [ RunTime:0.038332s ]
INFO: [ view_parse ] --END-- [ RunTime:0.038473s ]
INFO: [ view_filter ] --START--
INFO: Run Behavior\WriteHtmlCacheBehavior [ RunTime:0.000494s ]
INFO: [ view_filter ] --END-- [ RunTime:0.000600s ]
INFO: [ app_end ] --START--
INFO: Run Behavior\ShowPageTraceBehavior [ RunTime:0.000799s ]
INFO: [ app_end ] --END-- [ RunTime:0.000967s ]

[ 2018-02-26T19:24:10+08:00 ] ::1 /bookreading/index.php/Home/Index/content/id/1
INFO: [ app_init ] --START--
INFO: Run Behavior\BuildLiteBehavior [ RunTime:0.000032s ]
INFO: [ app_init ] --END-- [ RunTime:0.000630s ]
INFO: [ app_begin ] --START--
INFO: Run Behavior\ReadHtmlCacheBehavior [ RunTime:0.000958s ]
INFO: [ app_begin ] --END-- [ RunTime:0.001126s ]
SQL: SHOW COLUMNS FROM `book` [ RunTime:0.0036s ]
SQL: SHOW COLUMNS FROM `comment` [ RunTime:0.0038s ]
SQL: SHOW COLUMNS FROM `charpter` [ RunTime:0.0043s ]
SQL: SELECT * FROM `book` WHERE `bid` = 1 OR `bname` = '1'  [ RunTime:0.0005s ]
SQL: SELECT * FROM `charpter` WHERE `bid` = 1 OR `bname` = '1'  [ RunTime:0.0087s ]
SQL: SELECT * FROM `book` WHERE `btype` = '名著'  [ RunTime:0.0006s ]
SQL: SELECT * FROM `comment` WHERE `bid` = 1 OR `bname` = '1'  [ RunTime:0.0003s ]
INFO: [ view_parse ] --START--
INFO: [ template_filter ] --START--
INFO: Run Behavior\ContentReplaceBehavior [ RunTime:0.000275s ]
INFO: [ template_filter ] --END-- [ RunTime:0.000629s ]
INFO: Run Behavior\ParseTemplateBehavior [ RunTime:0.108237s ]
INFO: [ view_parse ] --END-- [ RunTime:0.108361s ]
INFO: [ view_filter ] --START--
INFO: Run Behavior\WriteHtmlCacheBehavior [ RunTime:0.000468s ]
INFO: [ view_filter ] --END-- [ RunTime:0.000593s ]
INFO: [ app_end ] --START--
INFO: Run Behavior\ShowPageTraceBehavior [ RunTime:0.003373s ]
INFO: [ app_end ] --END-- [ RunTime:0.003591s ]

[ 2018-02-26T19:24:12+08:00 ] ::1 /bookreading/index.php/Home/Index/index
INFO: [ app_init ] --START--
INFO: Run Behavior\BuildLiteBehavior [ RunTime:0.000026s ]
INFO: [ app_init ] --END-- [ RunTime:0.000424s ]
INFO: [ app_begin ] --START--
INFO: Run Behavior\ReadHtmlCacheBehavior [ RunTime:0.000614s ]
INFO: [ app_begin ] --END-- [ RunTime:0.000814s ]
SQL: SHOW COLUMNS FROM `book` [ RunTime:0.0034s ]
SQL: SELECT * FROM `book` LIMIT 10   [ RunTime:0.0006s ]
INFO: [ view_parse ] --START--
INFO: [ template_filter ] --START--
INFO: Run Behavior\ContentReplaceBehavior [ RunTime:0.000135s ]
INFO: [ template_filter ] --END-- [ RunTime:0.000300s ]
NOTIC: [8] Undefined variable: b E:\Environment\wamp\www\bookreading\Application\Runtime\Cache\Home\2a94b8bda04ff446dcedd42276fc99ee.php 第 331 行.
INFO: Run Behavior\ParseTemplateBehavior [ RunTime:0.080801s ]
INFO: [ view_parse ] --END-- [ RunTime:0.080944s ]
INFO: [ view_filter ] --START--
INFO: Run Behavior\WriteHtmlCacheBehavior [ RunTime:0.000384s ]
INFO: [ view_filter ] --END-- [ RunTime:0.000493s ]
INFO: [ app_end ] --START--
INFO: Run Behavior\ShowPageTraceBehavior [ RunTime:0.001593s ]
INFO: [ app_end ] --END-- [ RunTime:0.001872s ]

[ 2018-02-26T19:24:19+08:00 ] ::1 /bookreading/index.php/Home/Index/content/id/4
INFO: [ app_init ] --START--
INFO: Run Behavior\BuildLiteBehavior [ RunTime:0.000034s ]
INFO: [ app_init ] --END-- [ RunTime:0.000618s ]
INFO: [ app_begin ] --START--
INFO: Run Behavior\ReadHtmlCacheBehavior [ RunTime:0.000562s ]
INFO: [ app_begin ] --END-- [ RunTime:0.000693s ]
SQL: SHOW COLUMNS FROM `book` [ RunTime:0.0042s ]
SQL: SHOW COLUMNS FROM `comment` [ RunTime:0.0080s ]
SQL: SHOW COLUMNS FROM `charpter` [ RunTime:0.0048s ]
SQL: SELECT * FROM `book` WHERE `bid` = 4 OR `bname` = '4'  [ RunTime:0.0007s ]
SQL: SELECT * FROM `charpter` WHERE `bid` = 4 OR `bname` = '4'  [ RunTime:0.0014s ]
SQL: SELECT * FROM `book` WHERE `btype` = '名著'  [ RunTime:0.0004s ]
SQL: SELECT * FROM `comment` WHERE `bid` = 4 OR `bname` = '4'  [ RunTime:0.0027s ]
INFO: [ view_parse ] --START--
INFO: [ template_filter ] --START--
INFO: Run Behavior\ContentReplaceBehavior [ RunTime:0.000175s ]
INFO: [ template_filter ] --END-- [ RunTime:0.000411s ]
INFO: Run Behavior\ParseTemplateBehavior [ RunTime:0.032625s ]
INFO: [ view_parse ] --END-- [ RunTime:0.032814s ]
INFO: [ view_filter ] --START--
INFO: Run Behavior\WriteHtmlCacheBehavior [ RunTime:0.000666s ]
INFO: [ view_filter ] --END-- [ RunTime:0.000811s ]
INFO: [ app_end ] --START--
INFO: Run Behavior\ShowPageTraceBehavior [ RunTime:0.001078s ]
INFO: [ app_end ] --END-- [ RunTime:0.001252s ]

[ 2018-02-26T19:24:21+08:00 ] ::1 /bookreading/index.php/Home/Index/reading/id/4
INFO: [ app_init ] --START--
INFO: Run Behavior\BuildLiteBehavior [ RunTime:0.000029s ]
INFO: [ app_init ] --END-- [ RunTime:0.000454s ]
INFO: [ app_begin ] --START--
INFO: Run Behavior\ReadHtmlCacheBehavior [ RunTime:0.000499s ]
INFO: [ app_begin ] --END-- [ RunTime:0.000658s ]
SQL: SHOW COLUMNS FROM `charpter` [ RunTime:0.0036s ]
SQL: SHOW COLUMNS FROM `mark` [ RunTime:0.0030s ]
SQL: SELECT `cid` FROM `mark` WHERE `bid` = 4 AND `username` = 'lichao' ORDER BY cid desc LIMIT 0,1   [ RunTime:0.0005s ]
NOTIC: [8] Undefined offset: 0 E:\Environment\wamp\www\bookreading\Application\Home\Controller\IndexController.class.php 第 67 行.
SQL: SELECT * FROM `charpter` WHERE `bid` = 4 LIMIT 0,1   [ RunTime:0.0004s ]
INFO: [ view_parse ] --START--
INFO: [ template_filter ] --START--
INFO: Run Behavior\ContentReplaceBehavior [ RunTime:0.000079s ]
INFO: [ template_filter ] --END-- [ RunTime:0.000205s ]
INFO: Run Behavior\ParseTemplateBehavior [ RunTime:0.010888s ]
INFO: [ view_parse ] --END-- [ RunTime:0.011021s ]
INFO: [ view_filter ] --START--
INFO: Run Behavior\WriteHtmlCacheBehavior [ RunTime:0.000275s ]
INFO: [ view_filter ] --END-- [ RunTime:0.000383s ]
INFO: [ app_end ] --START--
INFO: Run Behavior\ShowPageTraceBehavior [ RunTime:0.000635s ]
INFO: [ app_end ] --END-- [ RunTime:0.000810s ]

[ 2018-02-26T19:28:24+08:00 ] ::1 /bookreading/index.php/Home/Index/reading/id/1
INFO: [ app_init ] --START--
INFO: Run Behavior\BuildLiteBehavior [ RunTime:0.000040s ]
INFO: [ app_init ] --END-- [ RunTime:0.000591s ]
INFO: [ app_begin ] --START--
INFO: Run Behavior\ReadHtmlCacheBehavior [ RunTime:0.000870s ]
INFO: [ app_begin ] --END-- [ RunTime:0.001135s ]
SQL: SHOW COLUMNS FROM `charpter` [ RunTime:0.0113s ]
SQL: SHOW COLUMNS FROM `mark` [ RunTime:0.0085s ]
SQL: SELECT `cid` FROM `mark` WHERE `bid` = 1 AND `username` = 'lichao' ORDER BY cid desc LIMIT 0,1   [ RunTime:0.0009s ]
SQL: SELECT * FROM `charpter` WHERE `bid` = 1 AND `cid` = 1  [ RunTime:0.0013s ]
INFO: [ view_parse ] --START--
INFO: [ template_filter ] --START--
INFO: Run Behavior\ContentReplaceBehavior [ RunTime:0.000088s ]
INFO: [ template_filter ] --END-- [ RunTime:0.000207s ]
INFO: Run Behavior\ParseTemplateBehavior [ RunTime:0.014197s ]
INFO: [ view_parse ] --END-- [ RunTime:0.014372s ]
INFO: [ view_filter ] --START--
INFO: Run Behavior\WriteHtmlCacheBehavior [ RunTime:0.000604s ]
INFO: [ view_filter ] --END-- [ RunTime:0.000795s ]
INFO: [ app_end ] --START--
INFO: Run Behavior\ShowPageTraceBehavior [ RunTime:0.001066s ]
INFO: [ app_end ] --END-- [ RunTime:0.001279s ]

[ 2018-02-26T19:28:27+08:00 ] ::1 /bookreading/index.php/Home/Index/content/id/1
INFO: [ app_init ] --START--
INFO: Run Behavior\BuildLiteBehavior [ RunTime:0.000132s ]
INFO: [ app_init ] --END-- [ RunTime:0.001278s ]
INFO: [ app_begin ] --START--
INFO: Run Behavior\ReadHtmlCacheBehavior [ RunTime:0.000595s ]
INFO: [ app_begin ] --END-- [ RunTime:0.000804s ]
SQL: SHOW COLUMNS FROM `book` [ RunTime:0.0116s ]
SQL: SHOW COLUMNS FROM `comment` [ RunTime:0.0046s ]
SQL: SHOW COLUMNS FROM `charpter` [ RunTime:0.0038s ]
SQL: SELECT * FROM `book` WHERE `bid` = 1 OR `bname` = '1'  [ RunTime:0.0007s ]
SQL: SELECT * FROM `charpter` WHERE `bid` = 1 OR `bname` = '1'  [ RunTime:0.0113s ]
SQL: SELECT * FROM `book` WHERE `btype` = '名著'  [ RunTime:0.0007s ]
SQL: SELECT * FROM `comment` WHERE `bid` = 1 OR `bname` = '1'  [ RunTime:0.0004s ]
INFO: [ view_parse ] --START--
INFO: [ template_filter ] --START--
INFO: Run Behavior\ContentReplaceBehavior [ RunTime:0.000111s ]
INFO: [ template_filter ] --END-- [ RunTime:0.000230s ]
INFO: Run Behavior\ParseTemplateBehavior [ RunTime:0.026671s ]
INFO: [ view_parse ] --END-- [ RunTime:0.026840s ]
INFO: [ view_filter ] --START--
INFO: Run Behavior\WriteHtmlCacheBehavior [ RunTime:0.000505s ]
INFO: [ view_filter ] --END-- [ RunTime:0.000684s ]
INFO: [ app_end ] --START--
INFO: Run Behavior\ShowPageTraceBehavior [ RunTime:0.000892s ]
INFO: [ app_end ] --END-- [ RunTime:0.001092s ]

[ 2018-02-26T19:28:28+08:00 ] ::1 /bookreading/index.php/Home/Index/index
INFO: [ app_init ] --START--
INFO: Run Behavior\BuildLiteBehavior [ RunTime:0.000030s ]
INFO: [ app_init ] --END-- [ RunTime:0.000462s ]
INFO: [ app_begin ] --START--
INFO: Run Behavior\ReadHtmlCacheBehavior [ RunTime:0.000777s ]
INFO: [ app_begin ] --END-- [ RunTime:0.000985s ]
SQL: SHOW COLUMNS FROM `book` [ RunTime:0.0035s ]
SQL: SELECT * FROM `book` LIMIT 10   [ RunTime:0.0007s ]
INFO: [ view_parse ] --START--
INFO: [ template_filter ] --START--
INFO: Run Behavior\ContentReplaceBehavior [ RunTime:0.000126s ]
INFO: [ template_filter ] --END-- [ RunTime:0.000243s ]
NOTIC: [8] Undefined variable: b E:\Environment\wamp\www\bookreading\Application\Runtime\Cache\Home\2a94b8bda04ff446dcedd42276fc99ee.php 第 331 行.
INFO: Run Behavior\ParseTemplateBehavior [ RunTime:0.028313s ]
INFO: [ view_parse ] --END-- [ RunTime:0.028450s ]
INFO: [ view_filter ] --START--
INFO: Run Behavior\WriteHtmlCacheBehavior [ RunTime:0.000402s ]
INFO: [ view_filter ] --END-- [ RunTime:0.000514s ]
INFO: [ app_end ] --START--
INFO: Run Behavior\ShowPageTraceBehavior [ RunTime:0.001800s ]
INFO: [ app_end ] --END-- [ RunTime:0.002065s ]

[ 2018-02-26T19:28:33+08:00 ] ::1 /bookreading/index.php/Home/Index/content/id/3
INFO: [ app_init ] --START--
INFO: Run Behavior\BuildLiteBehavior [ RunTime:0.000042s ]
INFO: [ app_init ] --END-- [ RunTime:0.000645s ]
INFO: [ app_begin ] --START--
INFO: Run Behavior\ReadHtmlCacheBehavior [ RunTime:0.000442s ]
INFO: [ app_begin ] --END-- [ RunTime:0.000558s ]
SQL: SHOW COLUMNS FROM `book` [ RunTime:0.0055s ]
SQL: SHOW COLUMNS FROM `comment` [ RunTime:0.0032s ]
SQL: SHOW COLUMNS FROM `charpter` [ RunTime:0.0064s ]
SQL: SELECT * FROM `book` WHERE `bid` = 3 OR `bname` = '3'  [ RunTime:0.0038s ]
SQL: SELECT * FROM `charpter` WHERE `bid` = 3 OR `bname` = '3'  [ RunTime:0.0011s ]
SQL: SELECT * FROM `book` WHERE `btype` = '名著'  [ RunTime:0.0009s ]
SQL: SELECT * FROM `comment` WHERE `bid` = 3 OR `bname` = '3'  [ RunTime:0.0004s ]
INFO: [ view_parse ] --START--
INFO: [ template_filter ] --START--
INFO: Run Behavior\ContentReplaceBehavior [ RunTime:0.000182s ]
INFO: [ template_filter ] --END-- [ RunTime:0.000366s ]
INFO: Run Behavior\ParseTemplateBehavior [ RunTime:0.031087s ]
INFO: [ view_parse ] --END-- [ RunTime:0.031255s ]
INFO: [ view_filter ] --START--
INFO: Run Behavior\WriteHtmlCacheBehavior [ RunTime:0.000538s ]
INFO: [ view_filter ] --END-- [ RunTime:0.000718s ]
INFO: [ app_end ] --START--
INFO: Run Behavior\ShowPageTraceBehavior [ RunTime:0.001117s ]
INFO: [ app_end ] --END-- [ RunTime:0.001341s ]

[ 2018-02-26T19:28:34+08:00 ] ::1 /bookreading/index.php/Home/Index/reading/id/3
INFO: [ app_init ] --START--
INFO: Run Behavior\BuildLiteBehavior [ RunTime:0.000031s ]
INFO: [ app_init ] --END-- [ RunTime:0.000469s ]
INFO: [ app_begin ] --START--
INFO: Run Behavior\ReadHtmlCacheBehavior [ RunTime:0.000406s ]
INFO: [ app_begin ] --END-- [ RunTime:0.000526s ]
SQL: SHOW COLUMNS FROM `charpter` [ RunTime:0.0037s ]
SQL: SHOW COLUMNS FROM `mark` [ RunTime:0.0032s ]
SQL: SELECT `cid` FROM `mark` WHERE `bid` = 3 AND `username` = 'lichao' ORDER BY cid desc LIMIT 0,1   [ RunTime:0.0021s ]
NOTIC: [8] Undefined offset: 0 E:\Environment\wamp\www\bookreading\Application\Home\Controller\IndexController.class.php 第 67 行.
SQL: SELECT * FROM `charpter` WHERE `bid` = 3 LIMIT 0,1   [ RunTime:0.0003s ]
INFO: [ view_parse ] --START--
INFO: [ template_filter ] --START--
INFO: Run Behavior\ContentReplaceBehavior [ RunTime:0.000089s ]
INFO: [ template_filter ] --END-- [ RunTime:0.000210s ]
NOTIC: [8] Undefined index: bname E:\Environment\wamp\www\bookreading\Application\Runtime\Cache\Home\707d1e001cf9da55264bba6cb98a7a40.php 第 39 行.
NOTIC: [8] Undefined index: bauthor E:\Environment\wamp\www\bookreading\Application\Runtime\Cache\Home\707d1e001cf9da55264bba6cb98a7a40.php 第 39 行.
NOTIC: [8] Undefined index: bid E:\Environment\wamp\www\bookreading\Application\Runtime\Cache\Home\707d1e001cf9da55264bba6cb98a7a40.php 第 42 行.
NOTIC: [8] Undefined index: cid E:\Environment\wamp\www\bookreading\Application\Runtime\Cache\Home\707d1e001cf9da55264bba6cb98a7a40.php 第 76 行.
NOTIC: [8] Undefined index: cname E:\Environment\wamp\www\bookreading\Application\Runtime\Cache\Home\707d1e001cf9da55264bba6cb98a7a40.php 第 77 行.
NOTIC: [8] Undefined index: bname E:\Environment\wamp\www\bookreading\Application\Runtime\Cache\Home\707d1e001cf9da55264bba6cb98a7a40.php 第 78 行.
NOTIC: [8] Undefined index: bauthor E:\Environment\wamp\www\bookreading\Application\Runtime\Cache\Home\707d1e001cf9da55264bba6cb98a7a40.php 第 78 行.
NOTIC: [8] Undefined index: content E:\Environment\wamp\www\bookreading\Application\Runtime\Cache\Home\707d1e001cf9da55264bba6cb98a7a40.php 第 81 行.
NOTIC: [8] Undefined index: cid E:\Environment\wamp\www\bookreading\Application\Runtime\Cache\Home\707d1e001cf9da55264bba6cb98a7a40.php 第 131 行.
NOTIC: [8] Undefined index: bid E:\Environment\wamp\www\bookreading\Application\Runtime\Cache\Home\707d1e001cf9da55264bba6cb98a7a40.php 第 138 行.
NOTIC: [8] Undefined index: bid E:\Environment\wamp\www\bookreading\Application\Runtime\Cache\Home\707d1e001cf9da55264bba6cb98a7a40.php 第 151 行.
NOTIC: [8] Undefined index: bname E:\Environment\wamp\www\bookreading\Application\Runtime\Cache\Home\707d1e001cf9da55264bba6cb98a7a40.php 第 183 行.
NOTIC: [8] Undefined index: cname E:\Environment\wamp\www\bookreading\Application\Runtime\Cache\Home\707d1e001cf9da55264bba6cb98a7a40.php 第 184 行.
NOTIC: [8] Undefined index: bid E:\Environment\wamp\www\bookreading\Application\Runtime\Cache\Home\707d1e001cf9da55264bba6cb98a7a40.php 第 186 行.
NOTIC: [8] Undefined index: cid E:\Environment\wamp\www\bookreading\Application\Runtime\Cache\Home\707d1e001cf9da55264bba6cb98a7a40.php 第 187 行.
INFO: Run Behavior\ParseTemplateBehavior [ RunTime:0.013971s ]
INFO: [ view_parse ] --END-- [ RunTime:0.014132s ]
INFO: [ view_filter ] --START--
INFO: Run Behavior\WriteHtmlCacheBehavior [ RunTime:0.000380s ]
INFO: [ view_filter ] --END-- [ RunTime:0.000486s ]
INFO: [ app_end ] --START--
INFO: Run Behavior\ShowPageTraceBehavior [ RunTime:0.000661s ]
INFO: [ app_end ] --END-- [ RunTime:0.000769s ]

[ 2018-02-26T20:44:05+08:00 ] ::1 /bookreading/index.php/Home/Index/reading/id/1
INFO: [ app_init ] --START--
INFO: Run Behavior\BuildLiteBehavior [ RunTime:0.000026s ]
INFO: [ app_init ] --END-- [ RunTime:0.000458s ]
INFO: [ app_begin ] --START--
INFO: Run Behavior\ReadHtmlCacheBehavior [ RunTime:0.001260s ]
INFO: [ app_begin ] --END-- [ RunTime:0.001465s ]
SQL: SHOW COLUMNS FROM `charpter` [ RunTime:0.0185s ]
SQL: SHOW COLUMNS FROM `mark` [ RunTime:0.0225s ]
SQL: SELECT `cid` FROM `mark` WHERE `bid` = 1 AND `username` = 'lichao' ORDER BY cid desc LIMIT 0,1   [ RunTime:0.0009s ]
SQL: SELECT * FROM `charpter` WHERE `bid` = 1 AND `cid` = 1  [ RunTime:0.0015s ]
INFO: [ view_parse ] --START--
INFO: [ template_filter ] --START--
INFO: Run Behavior\ContentReplaceBehavior [ RunTime:0.000147s ]
INFO: [ template_filter ] --END-- [ RunTime:0.000353s ]
INFO: Run Behavior\ParseTemplateBehavior [ RunTime:0.018549s ]
INFO: [ view_parse ] --END-- [ RunTime:0.018726s ]
INFO: [ view_filter ] --START--
INFO: Run Behavior\WriteHtmlCacheBehavior [ RunTime:0.000981s ]
INFO: [ view_filter ] --END-- [ RunTime:0.001229s ]
INFO: [ app_end ] --START--
INFO: Run Behavior\ShowPageTraceBehavior [ RunTime:0.001376s ]
INFO: [ app_end ] --END-- [ RunTime:0.001702s ]

[ 2018-02-26T20:44:07+08:00 ] ::1 /bookreading/index.php/Home/Index/content/id/1
INFO: [ app_init ] --START--
INFO: Run Behavior\BuildLiteBehavior [ RunTime:0.000028s ]
INFO: [ app_init ] --END-- [ RunTime:0.000504s ]
INFO: [ app_begin ] --START--
INFO: Run Behavior\ReadHtmlCacheBehavior [ RunTime:0.001331s ]
INFO: [ app_begin ] --END-- [ RunTime:0.001608s ]
SQL: SHOW COLUMNS FROM `book` [ RunTime:0.0029s ]
SQL: SHOW COLUMNS FROM `comment` [ RunTime:0.0041s ]
SQL: SHOW COLUMNS FROM `charpter` [ RunTime:0.0031s ]
SQL: SELECT * FROM `book` WHERE `bid` = 1 OR `bname` = '1'  [ RunTime:0.0005s ]
SQL: SELECT * FROM `charpter` WHERE `bid` = 1 OR `bname` = '1'  [ RunTime:0.0135s ]
SQL: SELECT * FROM `book` WHERE `btype` = '名著'  [ RunTime:0.0005s ]
SQL: SELECT * FROM `comment` WHERE `bid` = 1 OR `bname` = '1'  [ RunTime:0.0003s ]
INFO: [ view_parse ] --START--
INFO: [ template_filter ] --START--
INFO: Run Behavior\ContentReplaceBehavior [ RunTime:0.000106s ]
INFO: [ template_filter ] --END-- [ RunTime:0.000218s ]
INFO: Run Behavior\ParseTemplateBehavior [ RunTime:0.023484s ]
INFO: [ view_parse ] --END-- [ RunTime:0.023650s ]
INFO: [ view_filter ] --START--
INFO: Run Behavior\WriteHtmlCacheBehavior [ RunTime:0.000765s ]
INFO: [ view_filter ] --END-- [ RunTime:0.000918s ]
INFO: [ app_end ] --START--
INFO: Run Behavior\ShowPageTraceBehavior [ RunTime:0.002010s ]
INFO: [ app_end ] --END-- [ RunTime:0.002199s ]

[ 2018-02-26T20:44:09+08:00 ] ::1 /bookreading/index.php/Home/Index/index
INFO: [ app_init ] --START--
INFO: Run Behavior\BuildLiteBehavior [ RunTime:0.000029s ]
INFO: [ app_init ] --END-- [ RunTime:0.000646s ]
INFO: [ app_begin ] --START--
INFO: Run Behavior\ReadHtmlCacheBehavior [ RunTime:0.000919s ]
INFO: [ app_begin ] --END-- [ RunTime:0.001059s ]
SQL: SHOW COLUMNS FROM `book` [ RunTime:0.0044s ]
SQL: SELECT * FROM `book` LIMIT 10   [ RunTime:0.0011s ]
INFO: [ view_parse ] --START--
INFO: [ template_filter ] --START--
INFO: Run Behavior\ContentReplaceBehavior [ RunTime:0.000188s ]
INFO: [ template_filter ] --END-- [ RunTime:0.000347s ]
NOTIC: [8] Undefined variable: b E:\Environment\wamp\www\bookreading\Application\Runtime\Cache\Home\2a94b8bda04ff446dcedd42276fc99ee.php 第 331 行.
INFO: Run Behavior\ParseTemplateBehavior [ RunTime:0.033605s ]
INFO: [ view_parse ] --END-- [ RunTime:0.033741s ]
INFO: [ view_filter ] --START--
INFO: Run Behavior\WriteHtmlCacheBehavior [ RunTime:0.000725s ]
INFO: [ view_filter ] --END-- [ RunTime:0.000877s ]
INFO: [ app_end ] --START--
INFO: Run Behavior\ShowPageTraceBehavior [ RunTime:0.001536s ]
INFO: [ app_end ] --END-- [ RunTime:0.001793s ]

[ 2018-02-26T22:42:58+08:00 ] ::1 /bookreading/index.php/Home/Index/reading/id/1
INFO: [ app_init ] --START--
INFO: Run Behavior\BuildLiteBehavior [ RunTime:0.000047s ]
INFO: [ app_init ] --END-- [ RunTime:0.000851s ]
INFO: [ app_begin ] --START--
INFO: Run Behavior\ReadHtmlCacheBehavior [ RunTime:0.001232s ]
INFO: [ app_begin ] --END-- [ RunTime:0.001429s ]
SQL: SHOW COLUMNS FROM `charpter` [ RunTime:0.0784s ]
SQL: SHOW COLUMNS FROM `mark` [ RunTime:0.0363s ]
SQL: SELECT `cid` FROM `mark` WHERE `bid` = 1 AND `username` = 'lichao' ORDER BY cid desc LIMIT 0,1   [ RunTime:0.0005s ]
SQL: SELECT * FROM `charpter` WHERE `bid` = 1 AND `cid` = 1  [ RunTime:0.0006s ]
INFO: [ view_parse ] --START--
INFO: [ template_filter ] --START--
INFO: Run Behavior\ContentReplaceBehavior [ RunTime:0.000271s ]
INFO: [ template_filter ] --END-- [ RunTime:0.000649s ]
INFO: Run Behavior\ParseTemplateBehavior [ RunTime:0.118732s ]
INFO: [ view_parse ] --END-- [ RunTime:0.118973s ]
INFO: [ view_filter ] --START--
INFO: Run Behavior\WriteHtmlCacheBehavior [ RunTime:0.001629s ]
INFO: [ view_filter ] --END-- [ RunTime:0.001938s ]
INFO: [ app_end ] --START--
INFO: Run Behavior\ShowPageTraceBehavior [ RunTime:0.004001s ]
INFO: [ app_end ] --END-- [ RunTime:0.006234s ]

[ 2018-02-26T22:43:02+08:00 ] ::1 /bookreading/index.php/Home/Index/content/id/1
INFO: [ app_init ] --START--
INFO: Run Behavior\BuildLiteBehavior [ RunTime:0.000031s ]
INFO: [ app_init ] --END-- [ RunTime:0.000521s ]
INFO: [ app_begin ] --START--
INFO: Run Behavior\ReadHtmlCacheBehavior [ RunTime:0.000673s ]
INFO: [ app_begin ] --END-- [ RunTime:0.000809s ]
SQL: SHOW COLUMNS FROM `book` [ RunTime:0.0036s ]
SQL: SHOW COLUMNS FROM `comment` [ RunTime:0.0034s ]
SQL: SHOW COLUMNS FROM `charpter` [ RunTime:0.0126s ]
SQL: SELECT * FROM `book` WHERE `bid` = 1 OR `bname` = '1'  [ RunTime:0.0010s ]
SQL: SELECT * FROM `charpter` WHERE `bid` = 1 OR `bname` = '1'  [ RunTime:0.0109s ]
SQL: SELECT * FROM `book` WHERE `btype` = '名著'  [ RunTime:0.0005s ]
SQL: SELECT * FROM `comment` WHERE `bid` = 1 OR `bname` = '1'  [ RunTime:0.0003s ]
INFO: [ view_parse ] --START--
INFO: [ template_filter ] --START--
INFO: Run Behavior\ContentReplaceBehavior [ RunTime:0.000106s ]
INFO: [ template_filter ] --END-- [ RunTime:0.000220s ]
INFO: Run Behavior\ParseTemplateBehavior [ RunTime:0.064018s ]
INFO: [ view_parse ] --END-- [ RunTime:0.064146s ]
INFO: [ view_filter ] --START--
INFO: Run Behavior\WriteHtmlCacheBehavior [ RunTime:0.000479s ]
INFO: [ view_filter ] --END-- [ RunTime:0.000583s ]
INFO: [ app_end ] --START--
INFO: Run Behavior\ShowPageTraceBehavior [ RunTime:0.000873s ]
INFO: [ app_end ] --END-- [ RunTime:0.001112s ]

[ 2018-02-26T22:43:04+08:00 ] ::1 /bookreading/index.php/Home/Index/reading/id/1
INFO: [ app_init ] --START--
INFO: Run Behavior\BuildLiteBehavior [ RunTime:0.000032s ]
INFO: [ app_init ] --END-- [ RunTime:0.000553s ]
INFO: [ app_begin ] --START--
INFO: Run Behavior\ReadHtmlCacheBehavior [ RunTime:0.000748s ]
INFO: [ app_begin ] --END-- [ RunTime:0.000895s ]
SQL: SHOW COLUMNS FROM `charpter` [ RunTime:0.0039s ]
SQL: SHOW COLUMNS FROM `mark` [ RunTime:0.0046s ]
SQL: SELECT `cid` FROM `mark` WHERE `bid` = 1 AND `username` = 'lichao' ORDER BY cid desc LIMIT 0,1   [ RunTime:0.0006s ]
SQL: SELECT * FROM `charpter` WHERE `bid` = 1 AND `cid` = 1  [ RunTime:0.0009s ]
INFO: [ view_parse ] --START--
INFO: [ template_filter ] --START--
INFO: Run Behavior\ContentReplaceBehavior [ RunTime:0.000176s ]
INFO: [ template_filter ] --END-- [ RunTime:0.000575s ]
INFO: Run Behavior\ParseTemplateBehavior [ RunTime:0.015990s ]
INFO: [ view_parse ] --END-- [ RunTime:0.016137s ]
INFO: [ view_filter ] --START--
INFO: Run Behavior\WriteHtmlCacheBehavior [ RunTime:0.000647s ]
INFO: [ view_filter ] --END-- [ RunTime:0.000760s ]
INFO: [ app_end ] --START--
INFO: Run Behavior\ShowPageTraceBehavior [ RunTime:0.000889s ]
INFO: [ app_end ] --END-- [ RunTime:0.001083s ]

