[ 2018-01-24T13:03:23+08:00 ] ::1 /bookreading/
INFO: [ app_init ] --START--
INFO: Run Behavior\BuildLiteBehavior [ RunTime:0.000032s ]
INFO: [ app_init ] --END-- [ RunTime:0.021141s ]
INFO: [ app_begin ] --START--
INFO: Run Behavior\ReadHtmlCacheBehavior [ RunTime:0.000928s ]
INFO: [ app_begin ] --END-- [ RunTime:0.001084s ]
SQL: SHOW COLUMNS FROM `book` [ RunTime:0.0044s ]
SQL: SELECT * FROM `book` LIMIT 10   [ RunTime:0.0010s ]
INFO: [ view_parse ] --START--
INFO: [ template_filter ] --START--
INFO: Run Behavior\ContentReplaceBehavior [ RunTime:0.078185s ]
INFO: [ template_filter ] --END-- [ RunTime:0.078656s ]
NOTIC: [8] Undefined variable: b E:\Environment\wamp\www\bookreading\Application\Runtime\Cache\Home\2a94b8bda04ff446dcedd42276fc99ee.php 第 330 行.
INFO: Run Behavior\ParseTemplateBehavior [ RunTime:0.332312s ]
INFO: [ view_parse ] --END-- [ RunTime:0.332476s ]
INFO: [ view_filter ] --START--
INFO: Run Behavior\WriteHtmlCacheBehavior [ RunTime:0.048169s ]
INFO: [ view_filter ] --END-- [ RunTime:0.048524s ]
INFO: [ app_end ] --START--
INFO: Run Behavior\ShowPageTraceBehavior [ RunTime:0.015945s ]
INFO: [ app_end ] --END-- [ RunTime:0.016594s ]

[ 2018-01-24T13:03:25+08:00 ] ::1 /bookreading/
INFO: [ app_init ] --START--
INFO: Run Behavior\BuildLiteBehavior [ RunTime:0.000028s ]
INFO: [ app_init ] --END-- [ RunTime:0.000449s ]
INFO: [ app_begin ] --START--
INFO: Run Behavior\ReadHtmlCacheBehavior [ RunTime:0.000572s ]
INFO: [ app_begin ] --END-- [ RunTime:0.000765s ]
SQL: SHOW COLUMNS FROM `book` [ RunTime:0.0038s ]
SQL: SELECT * FROM `book` LIMIT 10   [ RunTime:0.0007s ]
INFO: [ view_parse ] --START--
INFO: [ template_filter ] --START--
INFO: Run Behavior\ContentReplaceBehavior [ RunTime:0.000165s ]
INFO: [ template_filter ] --END-- [ RunTime:0.000282s ]
NOTIC: [8] Undefined variable: b E:\Environment\wamp\www\bookreading\Application\Runtime\Cache\Home\2a94b8bda04ff446dcedd42276fc99ee.php 第 330 行.
INFO: Run Behavior\ParseTemplateBehavior [ RunTime:0.026328s ]
INFO: [ view_parse ] --END-- [ RunTime:0.026459s ]
INFO: [ view_filter ] --START--
INFO: Run Behavior\WriteHtmlCacheBehavior [ RunTime:0.000343s ]
INFO: [ view_filter ] --END-- [ RunTime:0.000450s ]
INFO: [ app_end ] --START--
INFO: Run Behavior\ShowPageTraceBehavior [ RunTime:0.000542s ]
INFO: [ app_end ] --END-- [ RunTime:0.000669s ]

[ 2018-01-24T13:06:37+08:00 ] ::1 /bookreading/
INFO: [ app_init ] --START--
INFO: Run Behavior\BuildLiteBehavior [ RunTime:0.000060s ]
INFO: [ app_init ] --END-- [ RunTime:0.000877s ]
INFO: [ app_begin ] --START--
INFO: Run Behavior\ReadHtmlCacheBehavior [ RunTime:0.000653s ]
INFO: [ app_begin ] --END-- [ RunTime:0.000787s ]
SQL: SHOW COLUMNS FROM `book` [ RunTime:0.0050s ]
SQL: SELECT * FROM `book` LIMIT 10   [ RunTime:0.0010s ]
INFO: [ view_parse ] --START--
INFO: [ template_filter ] --START--
INFO: Run Behavior\ContentReplaceBehavior [ RunTime:0.000132s ]
INFO: [ template_filter ] --END-- [ RunTime:0.000259s ]
NOTIC: [8] Undefined variable: b E:\Environment\wamp\www\bookreading\Application\Runtime\Cache\Home\2a94b8bda04ff446dcedd42276fc99ee.php 第 330 行.
INFO: Run Behavior\ParseTemplateBehavior [ RunTime:0.033171s ]
INFO: [ view_parse ] --END-- [ RunTime:0.033320s ]
INFO: [ view_filter ] --START--
INFO: Run Behavior\WriteHtmlCacheBehavior [ RunTime:0.000500s ]
INFO: [ view_filter ] --END-- [ RunTime:0.000638s ]
INFO: [ app_end ] --START--
INFO: Run Behavior\ShowPageTraceBehavior [ RunTime:0.000821s ]
INFO: [ app_end ] --END-- [ RunTime:0.001376s ]

[ 2018-01-24T13:06:43+08:00 ] ::1 /bookreading/index.php/Home/Index/content/id/3
INFO: [ app_init ] --START--
INFO: Run Behavior\BuildLiteBehavior [ RunTime:0.000056s ]
INFO: [ app_init ] --END-- [ RunTime:0.002796s ]
INFO: [ app_begin ] --START--
INFO: Run Behavior\ReadHtmlCacheBehavior [ RunTime:0.000854s ]
INFO: [ app_begin ] --END-- [ RunTime:0.001093s ]
SQL: SHOW COLUMNS FROM `book` [ RunTime:0.0036s ]
SQL: SHOW COLUMNS FROM `comment` [ RunTime:0.0110s ]
SQL: SHOW COLUMNS FROM `charpter` [ RunTime:0.0037s ]
SQL: SELECT * FROM `book` WHERE `bid` = 3 OR `bname` = '3'  [ RunTime:0.0035s ]
SQL: SELECT * FROM `charpter` WHERE `bid` = 3 OR `bname` = '3'  [ RunTime:0.0050s ]
SQL: SELECT * FROM `book` WHERE `btype` = '名著'  [ RunTime:0.0006s ]
SQL: SELECT * FROM `comment` WHERE `bid` = 3 OR `bname` = '3'  [ RunTime:0.0003s ]
INFO: [ view_parse ] --START--
INFO: [ template_filter ] --START--
INFO: Run Behavior\ContentReplaceBehavior [ RunTime:0.011502s ]
INFO: [ template_filter ] --END-- [ RunTime:0.011942s ]
NOTIC: [8] Undefined index: comment E:\Environment\wamp\www\bookreading\Application\Runtime\Cache\Home\c98d6cc5834e97afa6ab2d2fc316c419.php 第 143 行.
NOTIC: [8] Undefined index: comment E:\Environment\wamp\www\bookreading\Application\Runtime\Cache\Home\c98d6cc5834e97afa6ab2d2fc316c419.php 第 143 行.
NOTIC: [8] Undefined index: bscore E:\Environment\wamp\www\bookreading\Application\Runtime\Cache\Home\c98d6cc5834e97afa6ab2d2fc316c419.php 第 209 行.
NOTIC: [8] Undefined index: bscore E:\Environment\wamp\www\bookreading\Application\Runtime\Cache\Home\c98d6cc5834e97afa6ab2d2fc316c419.php 第 217 行.
INFO: Run Behavior\ParseTemplateBehavior [ RunTime:0.109636s ]
INFO: [ view_parse ] --END-- [ RunTime:0.109768s ]
INFO: [ view_filter ] --START--
INFO: Run Behavior\WriteHtmlCacheBehavior [ RunTime:0.000408s ]
INFO: [ view_filter ] --END-- [ RunTime:0.000523s ]
INFO: [ app_end ] --START--
INFO: Run Behavior\ShowPageTraceBehavior [ RunTime:0.000932s ]
INFO: [ app_end ] --END-- [ RunTime:0.001508s ]

[ 2018-01-24T13:07:01+08:00 ] ::1 /bookreading/index.php/Home/Index/reading/id/3
INFO: [ app_init ] --START--
INFO: Run Behavior\BuildLiteBehavior [ RunTime:0.000025s ]
INFO: [ app_init ] --END-- [ RunTime:0.000460s ]
INFO: [ app_begin ] --START--
INFO: Run Behavior\ReadHtmlCacheBehavior [ RunTime:0.000376s ]
INFO: [ app_begin ] --END-- [ RunTime:0.000509s ]
SQL: SHOW COLUMNS FROM `charpter` [ RunTime:0.0031s ]
SQL: SELECT * FROM `charpter` WHERE `bid` = 3 LIMIT 0,1   [ RunTime:0.0008s ]
INFO: [ view_parse ] --START--
INFO: [ template_filter ] --START--
INFO: Run Behavior\ContentReplaceBehavior [ RunTime:0.000077s ]
INFO: [ template_filter ] --END-- [ RunTime:0.000193s ]
INFO: Run Behavior\ParseTemplateBehavior [ RunTime:0.020415s ]
INFO: [ view_parse ] --END-- [ RunTime:0.020539s ]
INFO: [ view_filter ] --START--
INFO: Run Behavior\WriteHtmlCacheBehavior [ RunTime:0.000278s ]
INFO: [ view_filter ] --END-- [ RunTime:0.000393s ]
INFO: [ app_end ] --START--
INFO: Run Behavior\ShowPageTraceBehavior [ RunTime:0.000708s ]
INFO: [ app_end ] --END-- [ RunTime:0.000942s ]

[ 2018-01-24T13:07:09+08:00 ] ::1 /bookreading/index.php/Home/Index/next
INFO: [ app_init ] --START--
INFO: Run Behavior\BuildLiteBehavior [ RunTime:0.000029s ]
INFO: [ app_init ] --END-- [ RunTime:0.000459s ]
INFO: [ app_begin ] --START--
INFO: Run Behavior\ReadHtmlCacheBehavior [ RunTime:0.000447s ]
INFO: [ app_begin ] --END-- [ RunTime:0.000564s ]
SQL: SHOW COLUMNS FROM `charpter` [ RunTime:0.0039s ]
SQL: SELECT COUNT(*) AS tp_count FROM `charpter` WHERE `bid` = 3 LIMIT 1   [ RunTime:0.0007s ]
SQL: SELECT * FROM `charpter` WHERE `bid` = 3 AND `cid` = 2  [ RunTime:0.0008s ]

[ 2018-01-24T13:07:17+08:00 ] ::1 /bookreading/index.php/Home/Index/next
INFO: [ app_init ] --START--
INFO: Run Behavior\BuildLiteBehavior [ RunTime:0.000029s ]
INFO: [ app_init ] --END-- [ RunTime:0.000466s ]
INFO: [ app_begin ] --START--
INFO: Run Behavior\ReadHtmlCacheBehavior [ RunTime:0.000468s ]
INFO: [ app_begin ] --END-- [ RunTime:0.000593s ]
SQL: SHOW COLUMNS FROM `charpter` [ RunTime:0.0037s ]
SQL: SELECT COUNT(*) AS tp_count FROM `charpter` WHERE `bid` = 3 LIMIT 1   [ RunTime:0.0006s ]
SQL: SELECT * FROM `charpter` WHERE `bid` = 3 AND `cid` = 3  [ RunTime:0.0005s ]

[ 2018-01-24T13:07:18+08:00 ] ::1 /bookreading/index.php/Home/Index/next
INFO: [ app_init ] --START--
INFO: Run Behavior\BuildLiteBehavior [ RunTime:0.000029s ]
INFO: [ app_init ] --END-- [ RunTime:0.000460s ]
INFO: [ app_begin ] --START--
INFO: Run Behavior\ReadHtmlCacheBehavior [ RunTime:0.000448s ]
INFO: [ app_begin ] --END-- [ RunTime:0.000567s ]
SQL: SHOW COLUMNS FROM `charpter` [ RunTime:0.0037s ]
SQL: SELECT COUNT(*) AS tp_count FROM `charpter` WHERE `bid` = 3 LIMIT 1   [ RunTime:0.0005s ]
SQL: SELECT * FROM `charpter` WHERE `bid` = 3 AND `cid` = 4  [ RunTime:0.0004s ]

[ 2018-01-24T13:07:18+08:00 ] ::1 /bookreading/index.php/Home/Index/next
INFO: [ app_init ] --START--
INFO: Run Behavior\BuildLiteBehavior [ RunTime:0.000024s ]
INFO: [ app_init ] --END-- [ RunTime:0.000400s ]
INFO: [ app_begin ] --START--
INFO: Run Behavior\ReadHtmlCacheBehavior [ RunTime:0.000365s ]
INFO: [ app_begin ] --END-- [ RunTime:0.000461s ]
SQL: SHOW COLUMNS FROM `charpter` [ RunTime:0.0036s ]
SQL: SELECT COUNT(*) AS tp_count FROM `charpter` WHERE `bid` = 3 LIMIT 1   [ RunTime:0.0007s ]

[ 2018-01-24T13:07:19+08:00 ] ::1 /bookreading/index.php/Home/Index/next
INFO: [ app_init ] --START--
INFO: Run Behavior\BuildLiteBehavior [ RunTime:0.000037s ]
INFO: [ app_init ] --END-- [ RunTime:0.000470s ]
INFO: [ app_begin ] --START--
INFO: Run Behavior\ReadHtmlCacheBehavior [ RunTime:0.000651s ]
INFO: [ app_begin ] --END-- [ RunTime:0.000831s ]
SQL: SHOW COLUMNS FROM `charpter` [ RunTime:0.0036s ]
SQL: SELECT COUNT(*) AS tp_count FROM `charpter` WHERE `bid` = 3 LIMIT 1   [ RunTime:0.0006s ]

[ 2018-01-24T13:07:19+08:00 ] ::1 /bookreading/index.php/Home/Index/next
INFO: [ app_init ] --START--
INFO: Run Behavior\BuildLiteBehavior [ RunTime:0.000029s ]
INFO: [ app_init ] --END-- [ RunTime:0.000456s ]
INFO: [ app_begin ] --START--
INFO: Run Behavior\ReadHtmlCacheBehavior [ RunTime:0.000444s ]
INFO: [ app_begin ] --END-- [ RunTime:0.000561s ]
SQL: SHOW COLUMNS FROM `charpter` [ RunTime:0.0038s ]
SQL: SELECT COUNT(*) AS tp_count FROM `charpter` WHERE `bid` = 3 LIMIT 1   [ RunTime:0.0008s ]

[ 2018-01-24T13:07:20+08:00 ] ::1 /bookreading/index.php/Home/Index/next
INFO: [ app_init ] --START--
INFO: Run Behavior\BuildLiteBehavior [ RunTime:0.000030s ]
INFO: [ app_init ] --END-- [ RunTime:0.000477s ]
INFO: [ app_begin ] --START--
INFO: Run Behavior\ReadHtmlCacheBehavior [ RunTime:0.000459s ]
INFO: [ app_begin ] --END-- [ RunTime:0.000569s ]
SQL: SHOW COLUMNS FROM `charpter` [ RunTime:0.0039s ]
SQL: SELECT COUNT(*) AS tp_count FROM `charpter` WHERE `bid` = 3 LIMIT 1   [ RunTime:0.0005s ]

[ 2018-01-24T13:07:21+08:00 ] ::1 /bookreading/index.php/Home/Index/next
INFO: [ app_init ] --START--
INFO: Run Behavior\BuildLiteBehavior [ RunTime:0.000056s ]
INFO: [ app_init ] --END-- [ RunTime:0.000967s ]
INFO: [ app_begin ] --START--
INFO: Run Behavior\ReadHtmlCacheBehavior [ RunTime:0.000398s ]
INFO: [ app_begin ] --END-- [ RunTime:0.000497s ]
SQL: SHOW COLUMNS FROM `charpter` [ RunTime:0.0033s ]
SQL: SELECT COUNT(*) AS tp_count FROM `charpter` WHERE `bid` = 3 LIMIT 1   [ RunTime:0.0004s ]

[ 2018-01-24T13:07:46+08:00 ] ::1 /bookreading/index.php/Home/Index/reading/id/3
INFO: [ app_init ] --START--
INFO: Run Behavior\BuildLiteBehavior [ RunTime:0.000029s ]
INFO: [ app_init ] --END-- [ RunTime:0.000522s ]
INFO: [ app_begin ] --START--
INFO: Run Behavior\ReadHtmlCacheBehavior [ RunTime:0.000450s ]
INFO: [ app_begin ] --END-- [ RunTime:0.000582s ]
SQL: SHOW COLUMNS FROM `charpter` [ RunTime:0.0034s ]
SQL: SELECT * FROM `charpter` WHERE `bid` = 3 LIMIT 0,1   [ RunTime:0.0009s ]
INFO: [ view_parse ] --START--
INFO: [ template_filter ] --START--
INFO: Run Behavior\ContentReplaceBehavior [ RunTime:0.000089s ]
INFO: [ template_filter ] --END-- [ RunTime:0.000216s ]
INFO: Run Behavior\ParseTemplateBehavior [ RunTime:0.009915s ]
INFO: [ view_parse ] --END-- [ RunTime:0.010110s ]
INFO: [ view_filter ] --START--
INFO: Run Behavior\WriteHtmlCacheBehavior [ RunTime:0.000518s ]
INFO: [ view_filter ] --END-- [ RunTime:0.000723s ]
INFO: [ app_end ] --START--
INFO: Run Behavior\ShowPageTraceBehavior [ RunTime:0.000745s ]
INFO: [ app_end ] --END-- [ RunTime:0.000964s ]

[ 2018-01-24T13:07:48+08:00 ] ::1 /bookreading/index.php/Home/Index/next
INFO: [ app_init ] --START--
INFO: Run Behavior\BuildLiteBehavior [ RunTime:0.000024s ]
INFO: [ app_init ] --END-- [ RunTime:0.000427s ]
INFO: [ app_begin ] --START--
INFO: Run Behavior\ReadHtmlCacheBehavior [ RunTime:0.000530s ]
INFO: [ app_begin ] --END-- [ RunTime:0.000667s ]
SQL: SHOW COLUMNS FROM `charpter` [ RunTime:0.0036s ]
SQL: SELECT COUNT(*) AS tp_count FROM `charpter` WHERE `bid` = 3 LIMIT 1   [ RunTime:0.0007s ]
SQL: SELECT * FROM `charpter` WHERE `bid` = 3 AND `cid` = 2  [ RunTime:0.0006s ]

[ 2018-01-24T13:07:50+08:00 ] ::1 /bookreading/index.php/Home/Index/next
INFO: [ app_init ] --START--
INFO: Run Behavior\BuildLiteBehavior [ RunTime:0.000055s ]
INFO: [ app_init ] --END-- [ RunTime:0.000809s ]
INFO: [ app_begin ] --START--
INFO: Run Behavior\ReadHtmlCacheBehavior [ RunTime:0.000373s ]
INFO: [ app_begin ] --END-- [ RunTime:0.000470s ]
SQL: SHOW COLUMNS FROM `charpter` [ RunTime:0.0032s ]
SQL: SELECT COUNT(*) AS tp_count FROM `charpter` WHERE `bid` = 3 LIMIT 1   [ RunTime:0.0005s ]
SQL: SELECT * FROM `charpter` WHERE `bid` = 3 AND `cid` = 1  [ RunTime:0.0006s ]

[ 2018-01-24T13:07:51+08:00 ] ::1 /bookreading/index.php/Home/Index/next
INFO: [ app_init ] --START--
INFO: Run Behavior\BuildLiteBehavior [ RunTime:0.000029s ]
INFO: [ app_init ] --END-- [ RunTime:0.000458s ]
INFO: [ app_begin ] --START--
INFO: Run Behavior\ReadHtmlCacheBehavior [ RunTime:0.000449s ]
INFO: [ app_begin ] --END-- [ RunTime:0.000568s ]
SQL: SHOW COLUMNS FROM `charpter` [ RunTime:0.0037s ]
SQL: SELECT COUNT(*) AS tp_count FROM `charpter` WHERE `bid` = 3 LIMIT 1   [ RunTime:0.0004s ]
SQL: SELECT * FROM `charpter` WHERE `bid` = 3 AND `cid` = 0  [ RunTime:0.0003s ]

[ 2018-01-24T13:07:51+08:00 ] ::1 /bookreading/index.php/Home/Index/next
INFO: [ app_init ] --START--
INFO: Run Behavior\BuildLiteBehavior [ RunTime:0.000031s ]
INFO: [ app_init ] --END-- [ RunTime:0.000461s ]
INFO: [ app_begin ] --START--
INFO: Run Behavior\ReadHtmlCacheBehavior [ RunTime:0.000452s ]
INFO: [ app_begin ] --END-- [ RunTime:0.000571s ]
SQL: SHOW COLUMNS FROM `charpter` [ RunTime:0.0035s ]
SQL: SELECT COUNT(*) AS tp_count FROM `charpter` WHERE `bid` = 3 LIMIT 1   [ RunTime:0.0005s ]
SQL: SELECT * FROM `charpter` WHERE `bid` = 3 AND `cid` = -1  [ RunTime:0.0003s ]

[ 2018-01-24T13:07:52+08:00 ] ::1 /bookreading/index.php/Home/Index/next
INFO: [ app_init ] --START--
INFO: Run Behavior\BuildLiteBehavior [ RunTime:0.000030s ]
INFO: [ app_init ] --END-- [ RunTime:0.000483s ]
INFO: [ app_begin ] --START--
INFO: Run Behavior\ReadHtmlCacheBehavior [ RunTime:0.000892s ]
INFO: [ app_begin ] --END-- [ RunTime:0.001169s ]
SQL: SHOW COLUMNS FROM `charpter` [ RunTime:0.0035s ]
SQL: SELECT COUNT(*) AS tp_count FROM `charpter` WHERE `bid` = 3 LIMIT 1   [ RunTime:0.0006s ]
SQL: SELECT * FROM `charpter` WHERE `bid` = 3 AND `cid` = -2  [ RunTime:0.0003s ]

[ 2018-01-24T13:08:02+08:00 ] ::1 /bookreading/index.php/Home/Index/reading/id/3
INFO: [ app_init ] --START--
INFO: Run Behavior\BuildLiteBehavior [ RunTime:0.000033s ]
INFO: [ app_init ] --END-- [ RunTime:0.000650s ]
INFO: [ app_begin ] --START--
INFO: Run Behavior\ReadHtmlCacheBehavior [ RunTime:0.000780s ]
INFO: [ app_begin ] --END-- [ RunTime:0.001018s ]
SQL: SHOW COLUMNS FROM `charpter` [ RunTime:0.0054s ]
SQL: SELECT * FROM `charpter` WHERE `bid` = 3 LIMIT 0,1   [ RunTime:0.0009s ]
INFO: [ view_parse ] --START--
INFO: [ template_filter ] --START--
INFO: Run Behavior\ContentReplaceBehavior [ RunTime:0.000077s ]
INFO: [ template_filter ] --END-- [ RunTime:0.000193s ]
INFO: Run Behavior\ParseTemplateBehavior [ RunTime:0.008323s ]
INFO: [ view_parse ] --END-- [ RunTime:0.008447s ]
INFO: [ view_filter ] --START--
INFO: Run Behavior\WriteHtmlCacheBehavior [ RunTime:0.000349s ]
INFO: [ view_filter ] --END-- [ RunTime:0.000467s ]
INFO: [ app_end ] --START--
INFO: Run Behavior\ShowPageTraceBehavior [ RunTime:0.000584s ]
INFO: [ app_end ] --END-- [ RunTime:0.000775s ]

[ 2018-01-24T13:08:03+08:00 ] ::1 /bookreading/index.php/Home/Index/next
INFO: [ app_init ] --START--
INFO: Run Behavior\BuildLiteBehavior [ RunTime:0.000045s ]
INFO: [ app_init ] --END-- [ RunTime:0.000748s ]
INFO: [ app_begin ] --START--
INFO: Run Behavior\ReadHtmlCacheBehavior [ RunTime:0.000436s ]
INFO: [ app_begin ] --END-- [ RunTime:0.000566s ]
SQL: SHOW COLUMNS FROM `charpter` [ RunTime:0.0041s ]
SQL: SELECT COUNT(*) AS tp_count FROM `charpter` WHERE `bid` = 3 LIMIT 1   [ RunTime:0.0009s ]
SQL: SELECT * FROM `charpter` WHERE `bid` = 3 AND `cid` = 0  [ RunTime:0.0004s ]

[ 2018-01-24T13:08:04+08:00 ] ::1 /bookreading/index.php/Home/Index/next
INFO: [ app_init ] --START--
INFO: Run Behavior\BuildLiteBehavior [ RunTime:0.000034s ]
INFO: [ app_init ] --END-- [ RunTime:0.000464s ]
INFO: [ app_begin ] --START--
INFO: Run Behavior\ReadHtmlCacheBehavior [ RunTime:0.000446s ]
INFO: [ app_begin ] --END-- [ RunTime:0.000563s ]
SQL: SHOW COLUMNS FROM `charpter` [ RunTime:0.0035s ]
SQL: SELECT COUNT(*) AS tp_count FROM `charpter` WHERE `bid` = 3 LIMIT 1   [ RunTime:0.0005s ]
SQL: SELECT * FROM `charpter` WHERE `bid` = 3 AND `cid` = -1  [ RunTime:0.0003s ]

[ 2018-01-24T13:08:04+08:00 ] ::1 /bookreading/index.php/Home/Index/next
INFO: [ app_init ] --START--
INFO: Run Behavior\BuildLiteBehavior [ RunTime:0.000032s ]
INFO: [ app_init ] --END-- [ RunTime:0.000494s ]
INFO: [ app_begin ] --START--
INFO: Run Behavior\ReadHtmlCacheBehavior [ RunTime:0.000464s ]
INFO: [ app_begin ] --END-- [ RunTime:0.000585s ]
SQL: SHOW COLUMNS FROM `charpter` [ RunTime:0.0037s ]
SQL: SELECT COUNT(*) AS tp_count FROM `charpter` WHERE `bid` = 3 LIMIT 1   [ RunTime:0.0007s ]
SQL: SELECT * FROM `charpter` WHERE `bid` = 3 AND `cid` = -2  [ RunTime:0.0003s ]

[ 2018-01-24T13:08:14+08:00 ] ::1 /bookreading/index.php/Home/Index/reading/id/3
INFO: [ app_init ] --START--
INFO: Run Behavior\BuildLiteBehavior [ RunTime:0.000026s ]
INFO: [ app_init ] --END-- [ RunTime:0.000406s ]
INFO: [ app_begin ] --START--
INFO: Run Behavior\ReadHtmlCacheBehavior [ RunTime:0.000393s ]
INFO: [ app_begin ] --END-- [ RunTime:0.000513s ]
SQL: SHOW COLUMNS FROM `charpter` [ RunTime:0.0035s ]
SQL: SELECT * FROM `charpter` WHERE `bid` = 3 LIMIT 0,1   [ RunTime:0.0009s ]
INFO: [ view_parse ] --START--
INFO: [ template_filter ] --START--
INFO: Run Behavior\ContentReplaceBehavior [ RunTime:0.000081s ]
INFO: [ template_filter ] --END-- [ RunTime:0.000202s ]
INFO: Run Behavior\ParseTemplateBehavior [ RunTime:0.012614s ]
INFO: [ view_parse ] --END-- [ RunTime:0.012799s ]
INFO: [ view_filter ] --START--
INFO: Run Behavior\WriteHtmlCacheBehavior [ RunTime:0.000445s ]
INFO: [ view_filter ] --END-- [ RunTime:0.000599s ]
INFO: [ app_end ] --START--
INFO: Run Behavior\ShowPageTraceBehavior [ RunTime:0.000640s ]
INFO: [ app_end ] --END-- [ RunTime:0.000777s ]

[ 2018-01-24T13:08:15+08:00 ] ::1 /bookreading/index.php/Home/Index/next
INFO: [ app_init ] --START--
INFO: Run Behavior\BuildLiteBehavior [ RunTime:0.000029s ]
INFO: [ app_init ] --END-- [ RunTime:0.000522s ]
INFO: [ app_begin ] --START--
INFO: Run Behavior\ReadHtmlCacheBehavior [ RunTime:0.000598s ]
INFO: [ app_begin ] --END-- [ RunTime:0.000725s ]
SQL: SHOW COLUMNS FROM `charpter` [ RunTime:0.0036s ]
SQL: SELECT COUNT(*) AS tp_count FROM `charpter` WHERE `bid` = 3 LIMIT 1   [ RunTime:0.0005s ]
SQL: SELECT * FROM `charpter` WHERE `bid` = 3 AND `cid` = 0  [ RunTime:0.0003s ]

[ 2018-01-24T13:08:22+08:00 ] ::1 /bookreading/index.php/Home/Index/reading/id/3
INFO: [ app_init ] --START--
INFO: Run Behavior\BuildLiteBehavior [ RunTime:0.000047s ]
INFO: [ app_init ] --END-- [ RunTime:0.000862s ]
INFO: [ app_begin ] --START--
INFO: Run Behavior\ReadHtmlCacheBehavior [ RunTime:0.000392s ]
INFO: [ app_begin ] --END-- [ RunTime:0.000510s ]
SQL: SHOW COLUMNS FROM `charpter` [ RunTime:0.0048s ]
SQL: SELECT * FROM `charpter` WHERE `bid` = 3 LIMIT 0,1   [ RunTime:0.0007s ]
INFO: [ view_parse ] --START--
INFO: [ template_filter ] --START--
INFO: Run Behavior\ContentReplaceBehavior [ RunTime:0.000080s ]
INFO: [ template_filter ] --END-- [ RunTime:0.000197s ]
INFO: Run Behavior\ParseTemplateBehavior [ RunTime:0.008571s ]
INFO: [ view_parse ] --END-- [ RunTime:0.008701s ]
INFO: [ view_filter ] --START--
INFO: Run Behavior\WriteHtmlCacheBehavior [ RunTime:0.000365s ]
INFO: [ view_filter ] --END-- [ RunTime:0.000475s ]
INFO: [ app_end ] --START--
INFO: Run Behavior\ShowPageTraceBehavior [ RunTime:0.000613s ]
INFO: [ app_end ] --END-- [ RunTime:0.000806s ]

[ 2018-01-24T13:08:23+08:00 ] ::1 /bookreading/index.php/Home/Index/reading/id/3
INFO: [ app_init ] --START--
INFO: Run Behavior\BuildLiteBehavior [ RunTime:0.000026s ]
INFO: [ app_init ] --END-- [ RunTime:0.000435s ]
INFO: [ app_begin ] --START--
INFO: Run Behavior\ReadHtmlCacheBehavior [ RunTime:0.000467s ]
INFO: [ app_begin ] --END-- [ RunTime:0.000595s ]
SQL: SHOW COLUMNS FROM `charpter` [ RunTime:0.0093s ]
SQL: SELECT * FROM `charpter` WHERE `bid` = 3 LIMIT 0,1   [ RunTime:0.0008s ]
INFO: [ view_parse ] --START--
INFO: [ template_filter ] --START--
INFO: Run Behavior\ContentReplaceBehavior [ RunTime:0.000092s ]
INFO: [ template_filter ] --END-- [ RunTime:0.000234s ]
INFO: Run Behavior\ParseTemplateBehavior [ RunTime:0.010420s ]
INFO: [ view_parse ] --END-- [ RunTime:0.010568s ]
INFO: [ view_filter ] --START--
INFO: Run Behavior\WriteHtmlCacheBehavior [ RunTime:0.000306s ]
INFO: [ view_filter ] --END-- [ RunTime:0.000417s ]
INFO: [ app_end ] --START--
INFO: Run Behavior\ShowPageTraceBehavior [ RunTime:0.000653s ]
INFO: [ app_end ] --END-- [ RunTime:0.000828s ]

[ 2018-01-24T13:08:24+08:00 ] ::1 /bookreading/index.php/Home/Index/next
INFO: [ app_init ] --START--
INFO: Run Behavior\BuildLiteBehavior [ RunTime:0.000024s ]
INFO: [ app_init ] --END-- [ RunTime:0.000373s ]
INFO: [ app_begin ] --START--
INFO: Run Behavior\ReadHtmlCacheBehavior [ RunTime:0.000362s ]
INFO: [ app_begin ] --END-- [ RunTime:0.000481s ]
SQL: SHOW COLUMNS FROM `charpter` [ RunTime:0.0034s ]
SQL: SELECT COUNT(*) AS tp_count FROM `charpter` WHERE `bid` = 3 LIMIT 1   [ RunTime:0.0005s ]
SQL: SELECT * FROM `charpter` WHERE `bid` = 3 AND `cid` = 0  [ RunTime:0.0003s ]

[ 2018-01-24T13:08:25+08:00 ] ::1 /bookreading/index.php/Home/Index/next
INFO: [ app_init ] --START--
INFO: Run Behavior\BuildLiteBehavior [ RunTime:0.000048s ]
INFO: [ app_init ] --END-- [ RunTime:0.000747s ]
INFO: [ app_begin ] --START--
INFO: Run Behavior\ReadHtmlCacheBehavior [ RunTime:0.000831s ]
INFO: [ app_begin ] --END-- [ RunTime:0.001046s ]
SQL: SHOW COLUMNS FROM `charpter` [ RunTime:0.0070s ]
SQL: SELECT COUNT(*) AS tp_count FROM `charpter` WHERE `bid` = 3 LIMIT 1   [ RunTime:0.0007s ]
SQL: SELECT * FROM `charpter` WHERE `bid` = 3 AND `cid` = -1  [ RunTime:0.0006s ]

[ 2018-01-24T13:12:15+08:00 ] ::1 /bookreading/index.php/Home/Index/reading/id/3
INFO: [ app_init ] --START--
INFO: Run Behavior\BuildLiteBehavior [ RunTime:0.000024s ]
INFO: [ app_init ] --END-- [ RunTime:0.000432s ]
INFO: [ app_begin ] --START--
INFO: Run Behavior\ReadHtmlCacheBehavior [ RunTime:0.001102s ]
INFO: [ app_begin ] --END-- [ RunTime:0.001385s ]
SQL: SHOW COLUMNS FROM `charpter` [ RunTime:0.0047s ]
SQL: SELECT * FROM `charpter` WHERE `bid` = 3 LIMIT 0,1   [ RunTime:0.0013s ]
INFO: [ view_parse ] --START--
INFO: [ template_filter ] --START--
INFO: Run Behavior\ContentReplaceBehavior [ RunTime:0.000079s ]
INFO: [ template_filter ] --END-- [ RunTime:0.000199s ]
INFO: Run Behavior\ParseTemplateBehavior [ RunTime:0.009256s ]
INFO: [ view_parse ] --END-- [ RunTime:0.009437s ]
INFO: [ view_filter ] --START--
INFO: Run Behavior\WriteHtmlCacheBehavior [ RunTime:0.000647s ]
INFO: [ view_filter ] --END-- [ RunTime:0.000822s ]
INFO: [ app_end ] --START--
INFO: Run Behavior\ShowPageTraceBehavior [ RunTime:0.000708s ]
INFO: [ app_end ] --END-- [ RunTime:0.000904s ]

[ 2018-01-24T13:12:17+08:00 ] ::1 /bookreading/index.php/Home/Index/next
INFO: [ app_init ] --START--
INFO: Run Behavior\BuildLiteBehavior [ RunTime:0.000027s ]
INFO: [ app_init ] --END-- [ RunTime:0.000474s ]
INFO: [ app_begin ] --START--
INFO: Run Behavior\ReadHtmlCacheBehavior [ RunTime:0.000537s ]
INFO: [ app_begin ] --END-- [ RunTime:0.000645s ]
SQL: SHOW COLUMNS FROM `charpter` [ RunTime:0.0036s ]
SQL: SELECT COUNT(*) AS tp_count FROM `charpter` WHERE `bid` = 3 LIMIT 1   [ RunTime:0.0006s ]
SQL: SELECT * FROM `charpter` WHERE `bid` = 3 AND `cid` = 2  [ RunTime:0.0009s ]

[ 2018-01-24T13:12:23+08:00 ] ::1 /bookreading/index.php/Home/Index/next
INFO: [ app_init ] --START--
INFO: Run Behavior\BuildLiteBehavior [ RunTime:0.000031s ]
INFO: [ app_init ] --END-- [ RunTime:0.000540s ]
INFO: [ app_begin ] --START--
INFO: Run Behavior\ReadHtmlCacheBehavior [ RunTime:0.000399s ]
INFO: [ app_begin ] --END-- [ RunTime:0.000507s ]
SQL: SHOW COLUMNS FROM `charpter` [ RunTime:0.0035s ]
SQL: SELECT COUNT(*) AS tp_count FROM `charpter` WHERE `bid` = 3 LIMIT 1   [ RunTime:0.0005s ]
SQL: SELECT * FROM `charpter` WHERE `bid` = 3 AND `cid` = 3  [ RunTime:0.0005s ]

[ 2018-01-24T13:16:35+08:00 ] ::1 /bookreading/index.php/Home/Index/reading/id/3
INFO: [ app_init ] --START--
INFO: Run Behavior\BuildLiteBehavior [ RunTime:0.000030s ]
INFO: [ app_init ] --END-- [ RunTime:0.000626s ]
INFO: [ app_begin ] --START--
INFO: Run Behavior\ReadHtmlCacheBehavior [ RunTime:0.001036s ]
INFO: [ app_begin ] --END-- [ RunTime:0.001238s ]
SQL: SHOW COLUMNS FROM `charpter` [ RunTime:0.0037s ]
SQL: SELECT * FROM `charpter` WHERE `bid` = 3 LIMIT 0,1   [ RunTime:0.0010s ]
INFO: [ view_parse ] --START--
INFO: [ template_filter ] --START--
INFO: Run Behavior\ContentReplaceBehavior [ RunTime:0.000078s ]
INFO: [ template_filter ] --END-- [ RunTime:0.000194s ]
INFO: Run Behavior\ParseTemplateBehavior [ RunTime:0.008649s ]
INFO: [ view_parse ] --END-- [ RunTime:0.008838s ]
INFO: [ view_filter ] --START--
INFO: Run Behavior\WriteHtmlCacheBehavior [ RunTime:0.000650s ]
INFO: [ view_filter ] --END-- [ RunTime:0.000792s ]
INFO: [ app_end ] --START--
INFO: Run Behavior\ShowPageTraceBehavior [ RunTime:0.000792s ]
INFO: [ app_end ] --END-- [ RunTime:0.000925s ]

[ 2018-01-24T13:16:36+08:00 ] ::1 /bookreading/index.php/Home/Index/reading/id/3
INFO: [ app_init ] --START--
INFO: Run Behavior\BuildLiteBehavior [ RunTime:0.000027s ]
INFO: [ app_init ] --END-- [ RunTime:0.000463s ]
INFO: [ app_begin ] --START--
INFO: Run Behavior\ReadHtmlCacheBehavior [ RunTime:0.000542s ]
INFO: [ app_begin ] --END-- [ RunTime:0.000695s ]
SQL: SHOW COLUMNS FROM `charpter` [ RunTime:0.0042s ]
SQL: SELECT * FROM `charpter` WHERE `bid` = 3 LIMIT 0,1   [ RunTime:0.0012s ]
INFO: [ view_parse ] --START--
INFO: [ template_filter ] --START--
INFO: Run Behavior\ContentReplaceBehavior [ RunTime:0.000078s ]
INFO: [ template_filter ] --END-- [ RunTime:0.000199s ]
INFO: Run Behavior\ParseTemplateBehavior [ RunTime:0.009901s ]
INFO: [ view_parse ] --END-- [ RunTime:0.010036s ]
INFO: [ view_filter ] --START--
INFO: Run Behavior\WriteHtmlCacheBehavior [ RunTime:0.000515s ]
INFO: [ view_filter ] --END-- [ RunTime:0.000643s ]
INFO: [ app_end ] --START--
INFO: Run Behavior\ShowPageTraceBehavior [ RunTime:0.000745s ]
INFO: [ app_end ] --END-- [ RunTime:0.000913s ]

[ 2018-01-24T13:16:40+08:00 ] ::1 /bookreading/index.php/Home/Index/reading/id/3
INFO: [ app_init ] --START--
INFO: Run Behavior\BuildLiteBehavior [ RunTime:0.000031s ]
INFO: [ app_init ] --END-- [ RunTime:0.000548s ]
INFO: [ app_begin ] --START--
INFO: Run Behavior\ReadHtmlCacheBehavior [ RunTime:0.000797s ]
INFO: [ app_begin ] --END-- [ RunTime:0.000947s ]
SQL: SHOW COLUMNS FROM `charpter` [ RunTime:0.0043s ]
SQL: SELECT * FROM `charpter` WHERE `bid` = 3 LIMIT 0,1   [ RunTime:0.0011s ]
INFO: [ view_parse ] --START--
INFO: [ template_filter ] --START--
INFO: Run Behavior\ContentReplaceBehavior [ RunTime:0.000076s ]
INFO: [ template_filter ] --END-- [ RunTime:0.000227s ]
INFO: Run Behavior\ParseTemplateBehavior [ RunTime:0.008678s ]
INFO: [ view_parse ] --END-- [ RunTime:0.008833s ]
INFO: [ view_filter ] --START--
INFO: Run Behavior\WriteHtmlCacheBehavior [ RunTime:0.000348s ]
INFO: [ view_filter ] --END-- [ RunTime:0.000451s ]
INFO: [ app_end ] --START--
INFO: Run Behavior\ShowPageTraceBehavior [ RunTime:0.000695s ]
INFO: [ app_end ] --END-- [ RunTime:0.000814s ]

[ 2018-01-24T13:16:41+08:00 ] ::1 /bookreading/index.php/Home/Index/reading/id/3
INFO: [ app_init ] --START--
INFO: Run Behavior\BuildLiteBehavior [ RunTime:0.000030s ]
INFO: [ app_init ] --END-- [ RunTime:0.000457s ]
INFO: [ app_begin ] --START--
INFO: Run Behavior\ReadHtmlCacheBehavior [ RunTime:0.000614s ]
INFO: [ app_begin ] --END-- [ RunTime:0.000790s ]
SQL: SHOW COLUMNS FROM `charpter` [ RunTime:0.0096s ]
SQL: SELECT * FROM `charpter` WHERE `bid` = 3 LIMIT 0,1   [ RunTime:0.0009s ]
INFO: [ view_parse ] --START--
INFO: [ template_filter ] --START--
INFO: Run Behavior\ContentReplaceBehavior [ RunTime:0.000075s ]
INFO: [ template_filter ] --END-- [ RunTime:0.000192s ]
INFO: Run Behavior\ParseTemplateBehavior [ RunTime:0.008024s ]
INFO: [ view_parse ] --END-- [ RunTime:0.008192s ]
INFO: [ view_filter ] --START--
INFO: Run Behavior\WriteHtmlCacheBehavior [ RunTime:0.000262s ]
INFO: [ view_filter ] --END-- [ RunTime:0.000370s ]
INFO: [ app_end ] --START--
INFO: Run Behavior\ShowPageTraceBehavior [ RunTime:0.000556s ]
INFO: [ app_end ] --END-- [ RunTime:0.000718s ]

