[ 2018-01-21T14:44:06+08:00 ] ::1 /bookreading/
INFO: [ app_init ] --START--
INFO: Run Behavior\BuildLiteBehavior [ RunTime:0.000038s ]
INFO: [ app_init ] --END-- [ RunTime:0.072705s ]
INFO: [ app_begin ] --START--
INFO: Run Behavior\ReadHtmlCacheBehavior [ RunTime:0.001073s ]
INFO: [ app_begin ] --END-- [ RunTime:0.001220s ]
SQL: SHOW COLUMNS FROM `book` [ RunTime:0.0040s ]
SQL: SELECT * FROM `book` LIMIT 10   [ RunTime:0.0006s ]
INFO: [ view_parse ] --START--
INFO: [ template_filter ] --START--
INFO: Run Behavior\ContentReplaceBehavior [ RunTime:0.172642s ]
INFO: [ template_filter ] --END-- [ RunTime:0.173316s ]
NOTIC: [8] Undefined variable: b E:\Environment\wamp\www\bookreading\Application\Runtime\Cache\Home\2a94b8bda04ff446dcedd42276fc99ee.php 第 330 行.
NOTIC: [8] Undefined index: bauthor E:\Environment\wamp\www\bookreading\Application\Runtime\Cache\Home\2a94b8bda04ff446dcedd42276fc99ee.php 第 342 行.
NOTIC: [8] Undefined index: bauthor E:\Environment\wamp\www\bookreading\Application\Runtime\Cache\Home\2a94b8bda04ff446dcedd42276fc99ee.php 第 363 行.
INFO: Run Behavior\ParseTemplateBehavior [ RunTime:0.627848s ]
INFO: [ view_parse ] --END-- [ RunTime:0.628090s ]
INFO: [ view_filter ] --START--
INFO: Run Behavior\WriteHtmlCacheBehavior [ RunTime:0.020399s ]
INFO: [ view_filter ] --END-- [ RunTime:0.020670s ]
INFO: [ app_end ] --START--
INFO: Run Behavior\ShowPageTraceBehavior [ RunTime:0.036985s ]
INFO: [ app_end ] --END-- [ RunTime:0.037320s ]

[ 2018-01-21T14:44:23+08:00 ] ::1 /bookreading/index.php/Home/Index/content/id/1
INFO: [ app_init ] --START--
INFO: Run Behavior\BuildLiteBehavior [ RunTime:0.000034s ]
INFO: [ app_init ] --END-- [ RunTime:0.000766s ]
INFO: [ app_begin ] --START--
INFO: Run Behavior\ReadHtmlCacheBehavior [ RunTime:0.001433s ]
INFO: [ app_begin ] --END-- [ RunTime:0.001757s ]
SQL: SHOW COLUMNS FROM `book` [ RunTime:0.0033s ]
SQL: SHOW COLUMNS FROM `comment` [ RunTime:0.0073s ]
SQL: SHOW COLUMNS FROM `charpter` [ RunTime:0.0052s ]
SQL: SELECT * FROM `book` WHERE `bid` = 1 OR `bname` = '1'  [ RunTime:0.0008s ]
SQL: SELECT * FROM `charpter` WHERE `bid` = 1  [ RunTime:0.0026s ]
SQL: SELECT * FROM `book` WHERE `btype` = '名著'  [ RunTime:0.0003s ]
SQL: SELECT * FROM `comment` WHERE `bid` = 1 OR `bname` = '1'  [ RunTime:0.0011s ]
INFO: [ view_parse ] --START--
INFO: [ template_filter ] --START--
INFO: Run Behavior\ContentReplaceBehavior [ RunTime:0.001681s ]
INFO: [ template_filter ] --END-- [ RunTime:0.002068s ]
NOTIC: [8] Undefined index: bauthor E:\Environment\wamp\www\bookreading\Application\Runtime\Cache\Home\c98d6cc5834e97afa6ab2d2fc316c419.php 第 91 行.
NOTIC: [8] Undefined index: bauthor E:\Environment\wamp\www\bookreading\Application\Runtime\Cache\Home\c98d6cc5834e97afa6ab2d2fc316c419.php 第 128 行.
NOTIC: [8] Undefined index: bauthor E:\Environment\wamp\www\bookreading\Application\Runtime\Cache\Home\c98d6cc5834e97afa6ab2d2fc316c419.php 第 173 行.
NOTIC: [8] Undefined index: bscore E:\Environment\wamp\www\bookreading\Application\Runtime\Cache\Home\c98d6cc5834e97afa6ab2d2fc316c419.php 第 209 行.
NOTIC: [8] Undefined index: bscore E:\Environment\wamp\www\bookreading\Application\Runtime\Cache\Home\c98d6cc5834e97afa6ab2d2fc316c419.php 第 217 行.
INFO: Run Behavior\ParseTemplateBehavior [ RunTime:0.090810s ]
INFO: [ view_parse ] --END-- [ RunTime:0.091067s ]
INFO: [ view_filter ] --START--
INFO: Run Behavior\WriteHtmlCacheBehavior [ RunTime:0.000350s ]
INFO: [ view_filter ] --END-- [ RunTime:0.000457s ]
INFO: [ app_end ] --START--
INFO: Run Behavior\ShowPageTraceBehavior [ RunTime:0.001429s ]
INFO: [ app_end ] --END-- [ RunTime:0.001622s ]

[ 2018-01-21T14:44:35+08:00 ] ::1 /bookreading/index.php/Home/Index/reading/id/1
INFO: [ app_init ] --START--
INFO: Run Behavior\BuildLiteBehavior [ RunTime:0.000033s ]
INFO: [ app_init ] --END-- [ RunTime:0.000679s ]
INFO: [ app_begin ] --START--
INFO: Run Behavior\ReadHtmlCacheBehavior [ RunTime:0.000473s ]
INFO: [ app_begin ] --END-- [ RunTime:0.000610s ]
SQL: SHOW COLUMNS FROM `charpter` [ RunTime:0.0028s ]
SQL: SELECT * FROM `charpter` WHERE `bid` = 1 LIMIT 0,1   [ RunTime:0.0004s ]
INFO: [ view_parse ] --START--
INFO: [ template_filter ] --START--
INFO: Run Behavior\ContentReplaceBehavior [ RunTime:0.000079s ]
INFO: [ template_filter ] --END-- [ RunTime:0.000200s ]
NOTIC: [8] Undefined index: bname E:\Environment\wamp\www\bookreading\Application\Runtime\Cache\Home\707d1e001cf9da55264bba6cb98a7a40.php 第 39 行.
NOTIC: [8] Undefined index: bauthor E:\Environment\wamp\www\bookreading\Application\Runtime\Cache\Home\707d1e001cf9da55264bba6cb98a7a40.php 第 39 行.
NOTIC: [8] Undefined index: bname E:\Environment\wamp\www\bookreading\Application\Runtime\Cache\Home\707d1e001cf9da55264bba6cb98a7a40.php 第 74 行.
NOTIC: [8] Undefined index: bauthor E:\Environment\wamp\www\bookreading\Application\Runtime\Cache\Home\707d1e001cf9da55264bba6cb98a7a40.php 第 74 行.
INFO: Run Behavior\ParseTemplateBehavior [ RunTime:0.033958s ]
INFO: [ view_parse ] --END-- [ RunTime:0.034074s ]
INFO: [ view_filter ] --START--
INFO: Run Behavior\WriteHtmlCacheBehavior [ RunTime:0.000250s ]
INFO: [ view_filter ] --END-- [ RunTime:0.000364s ]
INFO: [ app_end ] --START--
INFO: Run Behavior\ShowPageTraceBehavior [ RunTime:0.000391s ]
INFO: [ app_end ] --END-- [ RunTime:0.000496s ]

[ 2018-01-21T14:44:50+08:00 ] ::1 /bookreading/index.php/Home/Index/reading/id/1
INFO: [ app_init ] --START--
INFO: Run Behavior\BuildLiteBehavior [ RunTime:0.000029s ]
INFO: [ app_init ] --END-- [ RunTime:0.000452s ]
INFO: [ app_begin ] --START--
INFO: Run Behavior\ReadHtmlCacheBehavior [ RunTime:0.000498s ]
INFO: [ app_begin ] --END-- [ RunTime:0.000692s ]
SQL: SHOW COLUMNS FROM `charpter` [ RunTime:0.0032s ]
SQL: SELECT * FROM `charpter` WHERE `bid` = 1 LIMIT 0,1   [ RunTime:0.0005s ]
INFO: [ view_parse ] --START--
INFO: [ template_filter ] --START--
INFO: Run Behavior\ContentReplaceBehavior [ RunTime:0.000077s ]
INFO: [ template_filter ] --END-- [ RunTime:0.000194s ]
NOTIC: [8] Undefined index: bname E:\Environment\wamp\www\bookreading\Application\Runtime\Cache\Home\707d1e001cf9da55264bba6cb98a7a40.php 第 39 行.
NOTIC: [8] Undefined index: bauthor E:\Environment\wamp\www\bookreading\Application\Runtime\Cache\Home\707d1e001cf9da55264bba6cb98a7a40.php 第 39 行.
NOTIC: [8] Undefined index: bname E:\Environment\wamp\www\bookreading\Application\Runtime\Cache\Home\707d1e001cf9da55264bba6cb98a7a40.php 第 74 行.
NOTIC: [8] Undefined index: bauthor E:\Environment\wamp\www\bookreading\Application\Runtime\Cache\Home\707d1e001cf9da55264bba6cb98a7a40.php 第 74 行.
INFO: Run Behavior\ParseTemplateBehavior [ RunTime:0.008477s ]
INFO: [ view_parse ] --END-- [ RunTime:0.008593s ]
INFO: [ view_filter ] --START--
INFO: Run Behavior\WriteHtmlCacheBehavior [ RunTime:0.000249s ]
INFO: [ view_filter ] --END-- [ RunTime:0.000353s ]
INFO: [ app_end ] --START--
INFO: Run Behavior\ShowPageTraceBehavior [ RunTime:0.000388s ]
INFO: [ app_end ] --END-- [ RunTime:0.000493s ]

[ 2018-01-21T14:56:15+08:00 ] ::1 /bookreading/index.php/Home/Index/content/id/1
INFO: [ app_init ] --START--
INFO: Run Behavior\BuildLiteBehavior [ RunTime:0.000037s ]
INFO: [ app_init ] --END-- [ RunTime:0.000619s ]
INFO: [ app_begin ] --START--
INFO: Run Behavior\ReadHtmlCacheBehavior [ RunTime:0.000558s ]
INFO: [ app_begin ] --END-- [ RunTime:0.000680s ]
SQL: SHOW COLUMNS FROM `book` [ RunTime:0.0029s ]
SQL: SHOW COLUMNS FROM `comment` [ RunTime:0.0037s ]
SQL: SHOW COLUMNS FROM `charpter` [ RunTime:0.0028s ]
SQL: SELECT * FROM `book` WHERE `bid` = 1 OR `bname` = '1'  [ RunTime:0.0004s ]
SQL: SELECT * FROM `charpter` WHERE `bid` = 1 OR `bname` = '1'  [ RunTime:0.0119s ]
SQL: SELECT * FROM `book` WHERE `btype` = '名著'  [ RunTime:0.0005s ]
SQL: SELECT * FROM `comment` WHERE `bid` = 1 OR `bname` = '1'  [ RunTime:0.0003s ]
INFO: [ view_parse ] --START--
INFO: [ template_filter ] --START--
INFO: Run Behavior\ContentReplaceBehavior [ RunTime:0.000107s ]
INFO: [ template_filter ] --END-- [ RunTime:0.000239s ]
NOTIC: [8] Undefined index: bauthor E:\Environment\wamp\www\bookreading\Application\Runtime\Cache\Home\c98d6cc5834e97afa6ab2d2fc316c419.php 第 91 行.
NOTIC: [8] Undefined index: bauthor E:\Environment\wamp\www\bookreading\Application\Runtime\Cache\Home\c98d6cc5834e97afa6ab2d2fc316c419.php 第 128 行.
NOTIC: [8] Undefined index: bauthor E:\Environment\wamp\www\bookreading\Application\Runtime\Cache\Home\c98d6cc5834e97afa6ab2d2fc316c419.php 第 173 行.
NOTIC: [8] Undefined index: bscore E:\Environment\wamp\www\bookreading\Application\Runtime\Cache\Home\c98d6cc5834e97afa6ab2d2fc316c419.php 第 209 行.
NOTIC: [8] Undefined index: bscore E:\Environment\wamp\www\bookreading\Application\Runtime\Cache\Home\c98d6cc5834e97afa6ab2d2fc316c419.php 第 217 行.
INFO: Run Behavior\ParseTemplateBehavior [ RunTime:0.020377s ]
INFO: [ view_parse ] --END-- [ RunTime:0.020529s ]
INFO: [ view_filter ] --START--
INFO: Run Behavior\WriteHtmlCacheBehavior [ RunTime:0.000384s ]
INFO: [ view_filter ] --END-- [ RunTime:0.000486s ]
INFO: [ app_end ] --START--
INFO: Run Behavior\ShowPageTraceBehavior [ RunTime:0.000854s ]
INFO: [ app_end ] --END-- [ RunTime:0.000989s ]

[ 2018-01-21T14:56:17+08:00 ] ::1 /bookreading/index.php/Home/Index/reading/id/1
INFO: [ app_init ] --START--
INFO: Run Behavior\BuildLiteBehavior [ RunTime:0.000027s ]
INFO: [ app_init ] --END-- [ RunTime:0.000515s ]
INFO: [ app_begin ] --START--
INFO: Run Behavior\ReadHtmlCacheBehavior [ RunTime:0.000557s ]
INFO: [ app_begin ] --END-- [ RunTime:0.000689s ]
SQL: SHOW COLUMNS FROM `charpter` [ RunTime:0.0040s ]
SQL: SELECT * FROM `charpter` WHERE `bid` = 1 LIMIT 0,1   [ RunTime:0.0006s ]
INFO: [ view_parse ] --START--
INFO: [ template_filter ] --START--
INFO: Run Behavior\ContentReplaceBehavior [ RunTime:0.000083s ]
INFO: [ template_filter ] --END-- [ RunTime:0.000209s ]
INFO: Run Behavior\ParseTemplateBehavior [ RunTime:0.009455s ]
INFO: [ view_parse ] --END-- [ RunTime:0.009630s ]
INFO: [ view_filter ] --START--
INFO: Run Behavior\WriteHtmlCacheBehavior [ RunTime:0.000273s ]
INFO: [ view_filter ] --END-- [ RunTime:0.000383s ]
INFO: [ app_end ] --START--
INFO: Run Behavior\ShowPageTraceBehavior [ RunTime:0.000410s ]
INFO: [ app_end ] --END-- [ RunTime:0.000519s ]

[ 2018-01-21T14:57:03+08:00 ] ::1 /bookreading/index.php/Home/Index/reading/id/1
INFO: [ app_init ] --START--
INFO: Run Behavior\BuildLiteBehavior [ RunTime:0.000032s ]
INFO: [ app_init ] --END-- [ RunTime:0.000473s ]
INFO: [ app_begin ] --START--
INFO: Run Behavior\ReadHtmlCacheBehavior [ RunTime:0.000578s ]
INFO: [ app_begin ] --END-- [ RunTime:0.000819s ]
SQL: SHOW COLUMNS FROM `charpter` [ RunTime:0.0037s ]
SQL: SELECT * FROM `charpter` WHERE `bid` = 1 LIMIT 0,1   [ RunTime:0.0011s ]
INFO: [ view_parse ] --START--
INFO: [ template_filter ] --START--
INFO: Run Behavior\ContentReplaceBehavior [ RunTime:0.000113s ]
INFO: [ template_filter ] --END-- [ RunTime:0.000286s ]
INFO: Run Behavior\ParseTemplateBehavior [ RunTime:0.008090s ]
INFO: [ view_parse ] --END-- [ RunTime:0.008209s ]
INFO: [ view_filter ] --START--
INFO: Run Behavior\WriteHtmlCacheBehavior [ RunTime:0.000261s ]
INFO: [ view_filter ] --END-- [ RunTime:0.000362s ]
INFO: [ app_end ] --START--
INFO: Run Behavior\ShowPageTraceBehavior [ RunTime:0.000572s ]
INFO: [ app_end ] --END-- [ RunTime:0.000733s ]

[ 2018-01-21T14:57:18+08:00 ] ::1 /bookreading/index.php/Home/Index/next
INFO: [ app_init ] --START--
INFO: Run Behavior\BuildLiteBehavior [ RunTime:0.000031s ]
INFO: [ app_init ] --END-- [ RunTime:0.000514s ]
INFO: [ app_begin ] --START--
INFO: Run Behavior\ReadHtmlCacheBehavior [ RunTime:0.000595s ]
INFO: [ app_begin ] --END-- [ RunTime:0.000718s ]
SQL: SHOW COLUMNS FROM `charpter` [ RunTime:0.0032s ]
SQL: SELECT COUNT(*) AS tp_count FROM `charpter` WHERE `bid` = 1 LIMIT 1   [ RunTime:0.0356s ]
SQL: SELECT * FROM `charpter` WHERE `bid` = 1 AND `cid` = 2  [ RunTime:0.0009s ]

[ 2018-01-21T14:57:21+08:00 ] ::1 /bookreading/index.php/Home/Index/next
INFO: [ app_init ] --START--
INFO: Run Behavior\BuildLiteBehavior [ RunTime:0.000029s ]
INFO: [ app_init ] --END-- [ RunTime:0.000445s ]
INFO: [ app_begin ] --START--
INFO: Run Behavior\ReadHtmlCacheBehavior [ RunTime:0.000457s ]
INFO: [ app_begin ] --END-- [ RunTime:0.000573s ]
SQL: SHOW COLUMNS FROM `charpter` [ RunTime:0.0032s ]
SQL: SELECT COUNT(*) AS tp_count FROM `charpter` WHERE `bid` = 1 LIMIT 1   [ RunTime:0.0004s ]
SQL: SELECT * FROM `charpter` WHERE `bid` = 1 AND `cid` = 1  [ RunTime:0.0008s ]

[ 2018-01-21T15:00:54+08:00 ] ::1 /bookreading/
INFO: [ app_init ] --START--
INFO: Run Behavior\BuildLiteBehavior [ RunTime:0.000028s ]
INFO: [ app_init ] --END-- [ RunTime:0.000475s ]
INFO: [ app_begin ] --START--
INFO: Run Behavior\ReadHtmlCacheBehavior [ RunTime:0.001358s ]
INFO: [ app_begin ] --END-- [ RunTime:0.001615s ]
SQL: SHOW COLUMNS FROM `book` [ RunTime:0.0040s ]
SQL: SELECT * FROM `book` LIMIT 10   [ RunTime:0.0008s ]
INFO: [ view_parse ] --START--
INFO: [ template_filter ] --START--
INFO: Run Behavior\ContentReplaceBehavior [ RunTime:0.000296s ]
INFO: [ template_filter ] --END-- [ RunTime:0.000526s ]
NOTIC: [8] Undefined variable: b E:\Environment\wamp\www\bookreading\Application\Runtime\Cache\Home\2a94b8bda04ff446dcedd42276fc99ee.php 第 330 行.
NOTIC: [8] Undefined index: bauthor E:\Environment\wamp\www\bookreading\Application\Runtime\Cache\Home\2a94b8bda04ff446dcedd42276fc99ee.php 第 342 行.
NOTIC: [8] Undefined index: bauthor E:\Environment\wamp\www\bookreading\Application\Runtime\Cache\Home\2a94b8bda04ff446dcedd42276fc99ee.php 第 342 行.
NOTIC: [8] Undefined index: bauthor E:\Environment\wamp\www\bookreading\Application\Runtime\Cache\Home\2a94b8bda04ff446dcedd42276fc99ee.php 第 363 行.
NOTIC: [8] Undefined index: bauthor E:\Environment\wamp\www\bookreading\Application\Runtime\Cache\Home\2a94b8bda04ff446dcedd42276fc99ee.php 第 379 行.
INFO: Run Behavior\ParseTemplateBehavior [ RunTime:0.058137s ]
INFO: [ view_parse ] --END-- [ RunTime:0.058340s ]
INFO: [ view_filter ] --START--
INFO: Run Behavior\WriteHtmlCacheBehavior [ RunTime:0.000388s ]
INFO: [ view_filter ] --END-- [ RunTime:0.000494s ]
INFO: [ app_end ] --START--
INFO: Run Behavior\ShowPageTraceBehavior [ RunTime:0.000751s ]
INFO: [ app_end ] --END-- [ RunTime:0.001038s ]

[ 2018-01-21T15:01:24+08:00 ] ::1 /bookreading/
INFO: [ app_init ] --START--
INFO: Run Behavior\BuildLiteBehavior [ RunTime:0.000098s ]
INFO: [ app_init ] --END-- [ RunTime:0.000950s ]
INFO: [ app_begin ] --START--
INFO: Run Behavior\ReadHtmlCacheBehavior [ RunTime:0.000407s ]
INFO: [ app_begin ] --END-- [ RunTime:0.000528s ]
SQL: SHOW COLUMNS FROM `book` [ RunTime:0.0056s ]
SQL: SELECT * FROM `book` LIMIT 10   [ RunTime:0.0010s ]
INFO: [ view_parse ] --START--
INFO: [ template_filter ] --START--
INFO: Run Behavior\ContentReplaceBehavior [ RunTime:0.000120s ]
INFO: [ template_filter ] --END-- [ RunTime:0.000236s ]
NOTIC: [8] Undefined variable: b E:\Environment\wamp\www\bookreading\Application\Runtime\Cache\Home\2a94b8bda04ff446dcedd42276fc99ee.php 第 330 行.
INFO: Run Behavior\ParseTemplateBehavior [ RunTime:0.025872s ]
INFO: [ view_parse ] --END-- [ RunTime:0.026134s ]
INFO: [ view_filter ] --START--
INFO: Run Behavior\WriteHtmlCacheBehavior [ RunTime:0.000530s ]
INFO: [ view_filter ] --END-- [ RunTime:0.000692s ]
INFO: [ app_end ] --START--
INFO: Run Behavior\ShowPageTraceBehavior [ RunTime:0.001085s ]
INFO: [ app_end ] --END-- [ RunTime:0.002055s ]

[ 2018-01-21T19:02:28+08:00 ] ::1 /bookreading/index.php/Home/Index/
INFO: [ app_init ] --START--
INFO: Run Behavior\BuildLiteBehavior [ RunTime:0.000047s ]
INFO: [ app_init ] --END-- [ RunTime:0.004030s ]
INFO: [ app_begin ] --START--
INFO: Run Behavior\ReadHtmlCacheBehavior [ RunTime:0.001123s ]
INFO: [ app_begin ] --END-- [ RunTime:0.001316s ]
SQL: SHOW COLUMNS FROM `book` [ RunTime:0.0052s ]
SQL: SELECT * FROM `book` LIMIT 10   [ RunTime:0.0006s ]
INFO: [ view_parse ] --START--
INFO: [ template_filter ] --START--
INFO: Run Behavior\ContentReplaceBehavior [ RunTime:0.000120s ]
INFO: [ template_filter ] --END-- [ RunTime:0.000236s ]
NOTIC: [8] Undefined variable: b E:\Environment\wamp\www\bookreading\Application\Runtime\Cache\Home\2a94b8bda04ff446dcedd42276fc99ee.php 第 330 行.
INFO: Run Behavior\ParseTemplateBehavior [ RunTime:0.318840s ]
INFO: [ view_parse ] --END-- [ RunTime:0.319089s ]
INFO: [ view_filter ] --START--
INFO: Run Behavior\WriteHtmlCacheBehavior [ RunTime:0.032035s ]
INFO: [ view_filter ] --END-- [ RunTime:0.032257s ]
INFO: [ app_end ] --START--
INFO: Run Behavior\ShowPageTraceBehavior [ RunTime:0.088702s ]
INFO: [ app_end ] --END-- [ RunTime:0.089000s ]

