[ 2018-02-05T20:04:15+08:00 ] ::1 /bookreading/index.php/Home/Index/
INFO: [ app_init ] --START--
INFO: Run Behavior\BuildLiteBehavior [ RunTime:0.000106s ]
INFO: [ app_init ] --END-- [ RunTime:0.032589s ]
INFO: [ app_begin ] --START--
INFO: Run Behavior\ReadHtmlCacheBehavior [ RunTime:0.002348s ]
INFO: [ app_begin ] --END-- [ RunTime:0.002695s ]
SQL: SHOW COLUMNS FROM `book` [ RunTime:0.0131s ]
SQL: SELECT * FROM `book` LIMIT 10   [ RunTime:0.0024s ]
INFO: [ view_parse ] --START--
INFO: [ template_filter ] --START--
INFO: Run Behavior\ContentReplaceBehavior [ RunTime:0.051234s ]
INFO: [ template_filter ] --END-- [ RunTime:0.052057s ]
NOTIC: [8] Undefined variable: b E:\Environment\wamp\www\bookreading\Application\Runtime\Cache\Home\2a94b8bda04ff446dcedd42276fc99ee.php 第 331 行.
INFO: Run Behavior\ParseTemplateBehavior [ RunTime:0.254426s ]
INFO: [ view_parse ] --END-- [ RunTime:0.254965s ]
INFO: [ view_filter ] --START--
INFO: Run Behavior\WriteHtmlCacheBehavior [ RunTime:0.002733s ]
INFO: [ view_filter ] --END-- [ RunTime:0.003312s ]
INFO: [ app_end ] --START--
INFO: Run Behavior\ShowPageTraceBehavior [ RunTime:0.006115s ]
INFO: [ app_end ] --END-- [ RunTime:0.007508s ]

