[ 2018-02-07T12:47:53+08:00 ] 127.0.0.1 /bookreading/
INFO: [ app_init ] --START--
INFO: Run Behavior\BuildLiteBehavior [ RunTime:0.000051s ]
INFO: [ app_init ] --END-- [ RunTime:0.032988s ]
INFO: [ app_begin ] --START--
INFO: Run Behavior\ReadHtmlCacheBehavior [ RunTime:0.001412s ]
INFO: [ app_begin ] --END-- [ RunTime:0.001684s ]
SQL: SHOW COLUMNS FROM `book` [ RunTime:0.0159s ]
SQL: SELECT * FROM `book` LIMIT 10   [ RunTime:0.0040s ]
INFO: [ view_parse ] --START--
INFO: [ template_filter ] --START--
INFO: Run Behavior\ContentReplaceBehavior [ RunTime:0.029380s ]
INFO: [ template_filter ] --END-- [ RunTime:0.029703s ]
NOTIC: [8] Undefined variable: b E:\Environment\wamp\www\bookreading\Application\Runtime\Cache\Home\2a94b8bda04ff446dcedd42276fc99ee.php 第 331 行.
INFO: Run Behavior\ParseTemplateBehavior [ RunTime:0.206788s ]
INFO: [ view_parse ] --END-- [ RunTime:0.207125s ]
INFO: [ view_filter ] --START--
INFO: Run Behavior\WriteHtmlCacheBehavior [ RunTime:0.024736s ]
INFO: [ view_filter ] --END-- [ RunTime:0.025016s ]
INFO: [ app_end ] --START--
INFO: Run Behavior\ShowPageTraceBehavior [ RunTime:0.015977s ]
INFO: [ app_end ] --END-- [ RunTime:0.016304s ]

[ 2018-02-07T13:48:36+08:00 ] ::1 /bookreading/index.php/Home/Index/reading/id/1
INFO: [ app_init ] --START--
INFO: Run Behavior\BuildLiteBehavior [ RunTime:0.000042s ]
INFO: [ app_init ] --END-- [ RunTime:0.000694s ]
INFO: [ app_begin ] --START--
INFO: Run Behavior\ReadHtmlCacheBehavior [ RunTime:0.000692s ]
INFO: [ app_begin ] --END-- [ RunTime:0.000905s ]
SQL: SHOW COLUMNS FROM `charpter` [ RunTime:0.0051s ]
SQL: SHOW COLUMNS FROM `mark` [ RunTime:0.0058s ]
SQL: SELECT `cid` FROM `mark` WHERE `bid` = 1 AND `username` = 'lichao' ORDER BY cid desc LIMIT 0,1   [ RunTime:0.0649s ]
SQL: SELECT * FROM `charpter` WHERE `bid` = 1 AND `cid` = 1  [ RunTime:0.0025s ]
INFO: [ view_parse ] --START--
INFO: [ template_filter ] --START--
INFO: Run Behavior\ContentReplaceBehavior [ RunTime:0.000537s ]
INFO: [ template_filter ] --END-- [ RunTime:0.001126s ]
INFO: Run Behavior\ParseTemplateBehavior [ RunTime:0.070242s ]
INFO: [ view_parse ] --END-- [ RunTime:0.070486s ]
INFO: [ view_filter ] --START--
INFO: Run Behavior\WriteHtmlCacheBehavior [ RunTime:0.000491s ]
INFO: [ view_filter ] --END-- [ RunTime:0.000682s ]
INFO: [ app_end ] --START--
INFO: Run Behavior\ShowPageTraceBehavior [ RunTime:0.000692s ]
INFO: [ app_end ] --END-- [ RunTime:0.000887s ]

