[ 2018-02-06T12:16:08+08:00 ] ::1 /bookreading/index.php/Home/Index/reading/id/1
INFO: [ app_init ] --START--
INFO: Run Behavior\BuildLiteBehavior [ RunTime:0.000029s ]
INFO: [ app_init ] --END-- [ RunTime:0.000662s ]
INFO: [ app_begin ] --START--
INFO: Run Behavior\ReadHtmlCacheBehavior [ RunTime:0.000908s ]
INFO: [ app_begin ] --END-- [ RunTime:0.001052s ]
SQL: SHOW COLUMNS FROM `charpter` [ RunTime:0.0205s ]
SQL: SHOW COLUMNS FROM `mark` [ RunTime:0.0067s ]
SQL: SELECT `cid` FROM `mark` WHERE `bid` = 1 AND `username` = 'lichao' ORDER BY cid desc LIMIT 0,1   [ RunTime:0.0018s ]
SQL: SELECT * FROM `charpter` WHERE `bid` = 1 AND `cid` = 1  [ RunTime:0.0017s ]
INFO: [ view_parse ] --START--
INFO: [ template_filter ] --START--
INFO: Run Behavior\ContentReplaceBehavior [ RunTime:0.000121s ]
INFO: [ template_filter ] --END-- [ RunTime:0.000235s ]
INFO: Run Behavior\ParseTemplateBehavior [ RunTime:0.218204s ]
INFO: [ view_parse ] --END-- [ RunTime:0.218386s ]
INFO: [ view_filter ] --START--
INFO: Run Behavior\WriteHtmlCacheBehavior [ RunTime:0.025113s ]
INFO: [ view_filter ] --END-- [ RunTime:0.025247s ]
INFO: [ app_end ] --START--
INFO: Run Behavior\ShowPageTraceBehavior [ RunTime:0.046619s ]
INFO: [ app_end ] --END-- [ RunTime:0.047019s ]

[ 2018-02-06T12:16:14+08:00 ] ::1 /bookreading/index.php/Home/Index
INFO: [ app_init ] --START--
INFO: Run Behavior\BuildLiteBehavior [ RunTime:0.000044s ]
INFO: [ app_init ] --END-- [ RunTime:0.000789s ]
INFO: [ app_begin ] --START--
INFO: Run Behavior\ReadHtmlCacheBehavior [ RunTime:0.000953s ]
INFO: [ app_begin ] --END-- [ RunTime:0.001185s ]
SQL: SHOW COLUMNS FROM `book` [ RunTime:0.0840s ]
SQL: SELECT * FROM `book` LIMIT 10   [ RunTime:0.0029s ]
INFO: [ view_parse ] --START--
INFO: [ template_filter ] --START--
INFO: Run Behavior\ContentReplaceBehavior [ RunTime:0.000299s ]
INFO: [ template_filter ] --END-- [ RunTime:0.000580s ]
NOTIC: [8] Undefined variable: b E:\Environment\wamp\www\bookreading\Application\Runtime\Cache\Home\2a94b8bda04ff446dcedd42276fc99ee.php 第 331 行.
INFO: Run Behavior\ParseTemplateBehavior [ RunTime:0.686256s ]
INFO: [ view_parse ] --END-- [ RunTime:0.686653s ]
INFO: [ view_filter ] --START--
INFO: Run Behavior\WriteHtmlCacheBehavior [ RunTime:0.000816s ]
INFO: [ view_filter ] --END-- [ RunTime:0.001014s ]
INFO: [ app_end ] --START--
INFO: Run Behavior\ShowPageTraceBehavior [ RunTime:0.001039s ]
INFO: [ app_end ] --END-- [ RunTime:0.001289s ]

[ 2018-02-06T12:16:18+08:00 ] ::1 /bookreading/index.php/Home/Index/content/id/1
INFO: [ app_init ] --START--
INFO: Run Behavior\BuildLiteBehavior [ RunTime:0.000037s ]
INFO: [ app_init ] --END-- [ RunTime:0.000525s ]
INFO: [ app_begin ] --START--
INFO: Run Behavior\ReadHtmlCacheBehavior [ RunTime:0.000592s ]
INFO: [ app_begin ] --END-- [ RunTime:0.000726s ]
SQL: SHOW COLUMNS FROM `book` [ RunTime:0.0046s ]
SQL: SHOW COLUMNS FROM `comment` [ RunTime:0.0044s ]
SQL: SHOW COLUMNS FROM `charpter` [ RunTime:0.0033s ]
SQL: SELECT * FROM `book` WHERE `bid` = 1 OR `bname` = '1'  [ RunTime:0.0018s ]
SQL: SELECT * FROM `charpter` WHERE `bid` = 1 OR `bname` = '1'  [ RunTime:0.0784s ]
SQL: SELECT * FROM `book` WHERE `btype` = '名著'  [ RunTime:0.0006s ]
SQL: SELECT * FROM `comment` WHERE `bid` = 1 OR `bname` = '1'  [ RunTime:0.0005s ]
INFO: [ view_parse ] --START--
INFO: [ template_filter ] --START--
INFO: Run Behavior\ContentReplaceBehavior [ RunTime:0.000279s ]
INFO: [ template_filter ] --END-- [ RunTime:0.000580s ]
INFO: Run Behavior\ParseTemplateBehavior [ RunTime:0.085279s ]
INFO: [ view_parse ] --END-- [ RunTime:0.085436s ]
INFO: [ view_filter ] --START--
INFO: Run Behavior\WriteHtmlCacheBehavior [ RunTime:0.001909s ]
INFO: [ view_filter ] --END-- [ RunTime:0.002105s ]
INFO: [ app_end ] --START--
INFO: Run Behavior\ShowPageTraceBehavior [ RunTime:0.002435s ]
INFO: [ app_end ] --END-- [ RunTime:0.002663s ]

[ 2018-02-06T12:24:26+08:00 ] ::1 /bookreading/index.php/Home/Index/reading/id/1
INFO: [ app_init ] --START--
INFO: Run Behavior\BuildLiteBehavior [ RunTime:0.000044s ]
INFO: [ app_init ] --END-- [ RunTime:0.000753s ]
INFO: [ app_begin ] --START--
INFO: Run Behavior\ReadHtmlCacheBehavior [ RunTime:0.000799s ]
INFO: [ app_begin ] --END-- [ RunTime:0.001004s ]
SQL: SHOW COLUMNS FROM `charpter` [ RunTime:0.0036s ]
SQL: SHOW COLUMNS FROM `mark` [ RunTime:0.0220s ]
SQL: SELECT `cid` FROM `mark` WHERE `bid` = 1 AND `username` = 'lichao' ORDER BY cid desc LIMIT 0,1   [ RunTime:0.0007s ]
SQL: SELECT * FROM `charpter` WHERE `bid` = 1 AND `cid` = 1  [ RunTime:0.0006s ]
INFO: [ view_parse ] --START--
INFO: [ template_filter ] --START--
INFO: Run Behavior\ContentReplaceBehavior [ RunTime:0.000146s ]
INFO: [ template_filter ] --END-- [ RunTime:0.000348s ]
INFO: Run Behavior\ParseTemplateBehavior [ RunTime:0.014735s ]
INFO: [ view_parse ] --END-- [ RunTime:0.014904s ]
INFO: [ view_filter ] --START--
INFO: Run Behavior\WriteHtmlCacheBehavior [ RunTime:0.000404s ]
INFO: [ view_filter ] --END-- [ RunTime:0.000512s ]
INFO: [ app_end ] --START--
INFO: Run Behavior\ShowPageTraceBehavior [ RunTime:0.000890s ]
INFO: [ app_end ] --END-- [ RunTime:0.001052s ]

